Using pre-set license
Built from '2021.3/staging' branch; Version is '2021.3.20f1 (577897200b8b) revision 5732503'; Using compiler version '192829333'; Build Type 'Release'
OS: 'Windows 10  (10.0.19044) 64bit Core' Language: 'pt' Physical Memory: 16204 MB
BatchMode: 1, IsHumanControllingUs: 0, StartBugReporterOnCrash: 0, Is64bit: 1, IsPro: 1

COMMAND LINE ARGUMENTS:
C:\Program Files\Unity\Hub\Editor\2021.3.20f1\Editor\Unity.exe
-adb2
-batchMode
-noUpm
-name
AssetImportWorker5
-projectPath
C:/Users/alexc/Desktop/Bomberman_GameJam
-logFile
Logs/AssetImportWorker5.log
-srvPort
58482
Successfully changed project path to: C:/Users/alexc/Desktop/Bomberman_GameJam
C:/Users/alexc/Desktop/Bomberman_GameJam
[UnityMemory] Configuration Parameters - Can be set up in boot.config
    "memorysetup-bucket-allocator-granularity=16"
    "memorysetup-bucket-allocator-bucket-count=8"
    "memorysetup-bucket-allocator-block-size=33554432"
    "memorysetup-bucket-allocator-block-count=8"
    "memorysetup-main-allocator-block-size=16777216"
    "memorysetup-thread-allocator-block-size=16777216"
    "memorysetup-gfx-main-allocator-block-size=16777216"
    "memorysetup-gfx-thread-allocator-block-size=16777216"
    "memorysetup-cache-allocator-block-size=4194304"
    "memorysetup-typetree-allocator-block-size=2097152"
    "memorysetup-profiler-bucket-allocator-granularity=16"
    "memorysetup-profiler-bucket-allocator-bucket-count=8"
    "memorysetup-profiler-bucket-allocator-block-size=33554432"
    "memorysetup-profiler-bucket-allocator-block-count=8"
    "memorysetup-profiler-allocator-block-size=16777216"
    "memorysetup-profiler-editor-allocator-block-size=1048576"
    "memorysetup-temp-allocator-size-main=16777216"
    "memorysetup-job-temp-allocator-block-size=2097152"
    "memorysetup-job-temp-allocator-block-size-background=1048576"
    "memorysetup-job-temp-allocator-reduction-small-platforms=262144"
    "memorysetup-temp-allocator-size-background-worker=32768"
    "memorysetup-temp-allocator-size-job-worker=262144"
    "memorysetup-temp-allocator-size-preload-manager=33554432"
    "memorysetup-temp-allocator-size-nav-mesh-worker=65536"
    "memorysetup-temp-allocator-size-audio-worker=65536"
    "memorysetup-temp-allocator-size-cloud-worker=32768"
    "memorysetup-temp-allocator-size-gi-baking-worker=262144"
    "memorysetup-temp-allocator-size-gfx=262144"
Player connection [24516] Host "[IP] 192.168.1.239 [Port] 0 [Flags] 2 [Guid] 2416069880 [EditorId] 2416069880 [Version] 1048832 [Id] WindowsEditor(7,MSI) [Debug] 1 [PackageName] WindowsEditor [ProjectName] Editor" joined multi-casting on [225.0.0.222:54997]...

Player connection [24516] Host "[IP] 192.168.1.239 [Port] 0 [Flags] 2 [Guid] 2416069880 [EditorId] 2416069880 [Version] 1048832 [Id] WindowsEditor(7,MSI) [Debug] 1 [PackageName] WindowsEditor [ProjectName] Editor" joined alternative multi-casting on [225.0.0.222:34997]...

Refreshing native plugins compatible for Editor in 89.23 ms, found 4 plugins.
Preloading 0 native plugins for Editor in 0.00 ms.
Initialize engine version: 2021.3.20f1 (577897200b8b)
[Subsystems] Discovering subsystems at path C:/Program Files/Unity/Hub/Editor/2021.3.20f1/Editor/Data/Resources/UnitySubsystems
[Subsystems] Discovering subsystems at path C:/Users/alexc/Desktop/Bomberman_GameJam/Assets
GfxDevice: creating device client; threaded=0; jobified=0
Direct3D:
    Version:  Direct3D 11.0 [level 11.1]
    Renderer: NVIDIA GeForce RTX 2060 (ID=0x1f15)
    Vendor:   NVIDIA
    VRAM:     5968 MB
    Driver:   31.0.15.3179
Initialize mono
Mono path[0] = 'C:/Program Files/Unity/Hub/Editor/2021.3.20f1/Editor/Data/Managed'
Mono path[1] = 'C:/Program Files/Unity/Hub/Editor/2021.3.20f1/Editor/Data/MonoBleedingEdge/lib/mono/unityjit-win32'
Mono config path = 'C:/Program Files/Unity/Hub/Editor/2021.3.20f1/Editor/Data/MonoBleedingEdge/etc'
Using monoOptions --debugger-agent=transport=dt_socket,embedding=1,server=y,suspend=n,address=127.0.0.1:56504
Begin MonoManager ReloadAssembly
Registering precompiled unity dll's ...
Register platform support module: C:/Program Files/Unity/Hub/Editor/2021.3.20f1/Editor/Data/PlaybackEngines/WebGLSupport/UnityEditor.WebGL.Extensions.dll
Register platform support module: C:/Program Files/Unity/Hub/Editor/2021.3.20f1/Editor/Data/PlaybackEngines/WindowsStandaloneSupport/UnityEditor.WindowsStandalone.Extensions.dll
Registered in 0.011676 seconds.
Native extension for WindowsStandalone target not found
Native extension for WebGL target not found
Refreshing native plugins compatible for Editor in 95.54 ms, found 4 plugins.
Preloading 0 native plugins for Editor in 0.00 ms.
Mono: successfully reloaded assembly
- Completed reload, in  0.701 seconds
Domain Reload Profiling:
	ReloadAssembly (702ms)
		BeginReloadAssembly (96ms)
			ExecutionOrderSort (0ms)
			DisableScriptedObjects (0ms)
			BackupInstance (0ms)
			ReleaseScriptingObjects (0ms)
			CreateAndSetChildDomain (1ms)
		EndReloadAssembly (493ms)
			LoadAssemblies (93ms)
			RebuildTransferFunctionScriptingTraits (0ms)
			SetupTypeCache (116ms)
			ReleaseScriptCaches (0ms)
			RebuildScriptCaches (30ms)
			SetupLoadedEditorAssemblies (292ms)
				LogAssemblyErrors (0ms)
				InitializePlatformSupportModulesInManaged (11ms)
				SetLoadedEditorAssemblies (0ms)
				RefreshPlugins (96ms)
				BeforeProcessingInitializeOnLoad (1ms)
				ProcessInitializeOnLoadAttributes (137ms)
				ProcessInitializeOnLoadMethodAttributes (47ms)
				AfterProcessingInitializeOnLoad (0ms)
				EditorAssembliesLoaded (0ms)
			ExecutionOrderSort2 (0ms)
			AwakeInstancesAfterBackupRestoration (0ms)
Platform modules already initialized, skipping
Registering precompiled user dll's ...
Registered in 0.010512 seconds.
Begin MonoManager ReloadAssembly
Symbol file LoadedFromMemory doesn't match image C:\Users\alexc\Desktop\Bomberman_GameJam\Library\PackageCache\com.unity.visualscripting@1.8.0\Editor\VisualScripting.Core\Dependencies\YamlDotNet\Unity.VisualScripting.YamlDotNet.dll
Symbol file LoadedFromMemory doesn't match image C:\Users\alexc\Desktop\Bomberman_GameJam\Library\PackageCache\com.unity.visualscripting@1.8.0\Editor\VisualScripting.Core\Dependencies\DotNetZip\Unity.VisualScripting.IonicZip.dll
Native extension for WindowsStandalone target not found
Native extension for WebGL target not found
Refreshing native plugins compatible for Editor in 98.80 ms, found 4 plugins.
Preloading 0 native plugins for Editor in 0.00 ms.
Mono: successfully reloaded assembly
- Completed reload, in  1.212 seconds
Domain Reload Profiling:
	ReloadAssembly (1213ms)
		BeginReloadAssembly (133ms)
			ExecutionOrderSort (0ms)
			DisableScriptedObjects (6ms)
			BackupInstance (0ms)
			ReleaseScriptingObjects (0ms)
			CreateAndSetChildDomain (18ms)
		EndReloadAssembly (959ms)
			LoadAssemblies (105ms)
			RebuildTransferFunctionScriptingTraits (0ms)
			SetupTypeCache (251ms)
			ReleaseScriptCaches (1ms)
			RebuildScriptCaches (66ms)
			SetupLoadedEditorAssemblies (499ms)
				LogAssemblyErrors (0ms)
				InitializePlatformSupportModulesInManaged (8ms)
				SetLoadedEditorAssemblies (0ms)
				RefreshPlugins (99ms)
				BeforeProcessingInitializeOnLoad (105ms)
				ProcessInitializeOnLoadAttributes (238ms)
				ProcessInitializeOnLoadMethodAttributes (37ms)
				AfterProcessingInitializeOnLoad (12ms)
				EditorAssembliesLoaded (0ms)
			ExecutionOrderSort2 (0ms)
			AwakeInstancesAfterBackupRestoration (6ms)
Platform modules already initialized, skipping
========================================================================
Worker process is ready to serve import requests
Launched and connected shader compiler UnityShaderCompiler.exe after 0.04 seconds
Refreshing native plugins compatible for Editor in 0.67 ms, found 4 plugins.
Preloading 0 native plugins for Editor in 0.00 ms.
Unloading 3759 Unused Serialized files (Serialized files now loaded: 0)
Unloading 35 unused Assets / (56.4 KB). Loaded Objects now: 4219.
Memory consumption went from 145.2 MB to 145.1 MB.
Total: 3.105600 ms (FindLiveObjects: 0.303100 ms CreateObjectMapping: 0.283700 ms MarkObjects: 2.435600 ms  DeleteObjects: 0.082400 ms)

AssetImportParameters requested are different than current active one (requested -> active):
  custom:video-decoder-ogg-theora: a1e56fd34408186e4bbccfd4996cb3dc -> 
  custom:container-muxer-webm: aa71ff27fc2769a1b78a27578f13a17b -> 
  custom:container-demuxer-webm: 4f35f7cbe854078d1ac9338744f61a02 -> 
  custom:video-encoder-webm-vp8: eb34c28f22e8b96e1ab97ce403110664 -> 
  custom:audio-encoder-webm-vorbis: bf7c407c2cedff20999df2af8eb42d56 -> 
  custom:framework-win-MediaFoundation: 216162199b28c13a410421893ffa2e32 -> 
  custom:container-demuxer-ogg: 62fdf1f143b41e24485cea50d1cbac27 -> 
  custom:video-decoder-webm-vp8: 9c59270c3fd7afecdb556c50c9e8de78 -> 
  custom:audio-decoder-ogg-vorbis: bf7c407c2cedff20999df2af8eb42d56 -> 
========================================================================
Received Import Request.
  Time since last request: 26616.687037 seconds.
  path: Assets/Sprites/Terrain (16x16)_2.asset
  artifactKey: Guid(f4ca891f612253042bc05c7b9867b374) Importer(815301076,1909f56bfc062723c751e8b465ee728b)
Start importing Assets/Sprites/Terrain (16x16)_2.asset using Guid(f4ca891f612253042bc05c7b9867b374) Importer(815301076,1909f56bfc062723c751e8b465ee728b)  -> (artifact id: '1b4b84e57753882849538d463e3b1e55') in 0.084881 seconds 
========================================================================
Received Import Request.
  Time since last request: 0.000020 seconds.
  path: Assets/Sprites/Terrain (16x16)_33.asset
  artifactKey: Guid(d13cfa50ec81a9e4b8bff83ed61d99f3) Importer(815301076,1909f56bfc062723c751e8b465ee728b)
Start importing Assets/Sprites/Terrain (16x16)_33.asset using Guid(d13cfa50ec81a9e4b8bff83ed61d99f3) Importer(815301076,1909f56bfc062723c751e8b465ee728b)  -> (artifact id: '0f1fb49c994c03f5bc129292dde385f9') in 0.021790 seconds 
========================================================================
Received Import Request.
  Time since last request: 0.000025 seconds.
  path: Assets/Sprites/Terrain (16x16)_14.asset
  artifactKey: Guid(a01315384703b594c8a12c6b49f850af) Importer(815301076,1909f56bfc062723c751e8b465ee728b)
Start importing Assets/Sprites/Terrain (16x16)_14.asset using Guid(a01315384703b594c8a12c6b49f850af) Importer(815301076,1909f56bfc062723c751e8b465ee728b)  -> (artifact id: '5bf82afb8ef9cbec07450ad76c5fcc46') in 0.018128 seconds 
========================================================================
Received Import Request.
  Time since last request: 0.000021 seconds.
  path: Assets/Sprites/Terrain (16x16)_39.asset
  artifactKey: Guid(6fd752f67a3b1394e85f26fd30fabb6f) Importer(815301076,1909f56bfc062723c751e8b465ee728b)
Start importing Assets/Sprites/Terrain (16x16)_39.asset using Guid(6fd752f67a3b1394e85f26fd30fabb6f) Importer(815301076,1909f56bfc062723c751e8b465ee728b)  -> (artifact id: '119f1552285c132cf90f5aa33b47593b') in 0.015776 seconds 
========================================================================
Received Import Request.
  Time since last request: 0.000033 seconds.
  path: Assets/Sprites/Terrain (16x16)_12.asset
  artifactKey: Guid(077059b09fbf5b24899e5f57ef53a73c) Importer(815301076,1909f56bfc062723c751e8b465ee728b)
Start importing Assets/Sprites/Terrain (16x16)_12.asset using Guid(077059b09fbf5b24899e5f57ef53a73c) Importer(815301076,1909f56bfc062723c751e8b465ee728b)  -> (artifact id: '12c18645c967c29529f5221e7e9c4127') in 0.017227 seconds 
========================================================================
Received Import Request.
  Time since last request: 0.000030 seconds.
  path: Assets/Sprites/Terrain (16x16)_35.asset
  artifactKey: Guid(34b24960a23e2754fa58ad83199937a6) Importer(815301076,1909f56bfc062723c751e8b465ee728b)
Start importing Assets/Sprites/Terrain (16x16)_35.asset using Guid(34b24960a23e2754fa58ad83199937a6) Importer(815301076,1909f56bfc062723c751e8b465ee728b)  -> (artifact id: 'ab0cd05ba7aa3b981dba44870032988c') in 0.016815 seconds 
========================================================================
Received Import Request.
  Time since last request: 0.000026 seconds.
  path: Assets/Sprites/Terrain (16x16)_29.asset
  artifactKey: Guid(28222a1ff43f1f04093747ad70d53424) Importer(815301076,1909f56bfc062723c751e8b465ee728b)
Start importing Assets/Sprites/Terrain (16x16)_29.asset using Guid(28222a1ff43f1f04093747ad70d53424) Importer(815301076,1909f56bfc062723c751e8b465ee728b)  -> (artifact id: 'e36edebab37bb3236cc827bd84c2e22b') in 0.017106 seconds 
========================================================================
Received Import Request.
  Time since last request: 0.000022 seconds.
  path: Assets/Sprites/Terrain (16x16)_36.asset
  artifactKey: Guid(a6264bbcf0e6307459de1cc7dc6cc568) Importer(815301076,1909f56bfc062723c751e8b465ee728b)
Start importing Assets/Sprites/Terrain (16x16)_36.asset using Guid(a6264bbcf0e6307459de1cc7dc6cc568) Importer(815301076,1909f56bfc062723c751e8b465ee728b)  -> (artifact id: '39142965a69ded640a880e980ac20f03') in 0.014789 seconds 
========================================================================
Received Import Request.
  Time since last request: 0.000024 seconds.
  path: Assets/Sprites/Terrain (16x16)_20.asset
  artifactKey: Guid(ba0f0d6400cf24e458f4158a42264719) Importer(815301076,1909f56bfc062723c751e8b465ee728b)
Start importing Assets/Sprites/Terrain (16x16)_20.asset using Guid(ba0f0d6400cf24e458f4158a42264719) Importer(815301076,1909f56bfc062723c751e8b465ee728b)  -> (artifact id: 'c4049d1956983a05749c9ed800d891e6') in 0.016405 seconds 
========================================================================
Received Import Request.
  Time since last request: 0.000029 seconds.
  path: Assets/Sprites/Terrain (16x16)_32.asset
  artifactKey: Guid(542561c7840421b4a8c027915df2efdb) Importer(815301076,1909f56bfc062723c751e8b465ee728b)
Start importing Assets/Sprites/Terrain (16x16)_32.asset using Guid(542561c7840421b4a8c027915df2efdb) Importer(815301076,1909f56bfc062723c751e8b465ee728b)  -> (artifact id: '3f698ebf6c825f6b2f4f5ceacbe93530') in 0.017367 seconds 
========================================================================
Received Import Request.
  Time since last request: 0.000020 seconds.
  path: Assets/Sprites/Terrain (16x16)_13.asset
  artifactKey: Guid(600151ccffb68ce44b3d4ef39816d245) Importer(815301076,1909f56bfc062723c751e8b465ee728b)
Start importing Assets/Sprites/Terrain (16x16)_13.asset using Guid(600151ccffb68ce44b3d4ef39816d245) Importer(815301076,1909f56bfc062723c751e8b465ee728b)  -> (artifact id: 'afd86b941c1f4ab3990ae7f51ffef5c4') in 0.016832 seconds 
========================================================================
Received Import Request.
  Time since last request: 0.000046 seconds.
  path: Assets/Sprites/Terrain (16x16)_31.asset
  artifactKey: Guid(5001c8163c330894ebe0c219f20199f9) Importer(815301076,1909f56bfc062723c751e8b465ee728b)
Start importing Assets/Sprites/Terrain (16x16)_31.asset using Guid(5001c8163c330894ebe0c219f20199f9) Importer(815301076,1909f56bfc062723c751e8b465ee728b)  -> (artifact id: '1a3dd2412699627e68c47c322c9dd7c5') in 0.016042 seconds 
========================================================================
Received Import Request.
  Time since last request: 0.503885 seconds.
  path: Assets/Sprites/Terrain (16x16)_42.asset
  artifactKey: Guid(746c062a0c77ea04284986566424cca0) Importer(815301076,1909f56bfc062723c751e8b465ee728b)
Start importing Assets/Sprites/Terrain (16x16)_42.asset using Guid(746c062a0c77ea04284986566424cca0) Importer(815301076,1909f56bfc062723c751e8b465ee728b)  -> (artifact id: '150e2f34a441ea76bf25c827c35b15f4') in 0.015169 seconds 
========================================================================
Received Import Request.
  Time since last request: 0.000018 seconds.
  path: Assets/Sprites/Terrain (16x16)_44.asset
  artifactKey: Guid(e52796a7ebe3b7a43929fc7db4795f44) Importer(815301076,1909f56bfc062723c751e8b465ee728b)
Start importing Assets/Sprites/Terrain (16x16)_44.asset using Guid(e52796a7ebe3b7a43929fc7db4795f44) Importer(815301076,1909f56bfc062723c751e8b465ee728b)  -> (artifact id: '9b8d20cb9cfeb3fc68dfdaa2d4862c8d') in 0.013616 seconds 
========================================================================
Received Import Request.
  Time since last request: 0.000018 seconds.
  path: Assets/Sprites/Terrain (16x16)_46.asset
  artifactKey: Guid(2e68631c9ccba3d4f83955195bd1e04f) Importer(815301076,1909f56bfc062723c751e8b465ee728b)
Start importing Assets/Sprites/Terrain (16x16)_46.asset using Guid(2e68631c9ccba3d4f83955195bd1e04f) Importer(815301076,1909f56bfc062723c751e8b465ee728b)  -> (artifact id: 'a86f33ed7c22a33d2a1b70e1b50b1b87') in 0.016575 seconds 
========================================================================
Received Import Request.
  Time since last request: 0.000017 seconds.
  path: Assets/Sprites/Terrain (16x16)_54.asset
  artifactKey: Guid(5d3826324c842304a93862333ce820db) Importer(815301076,1909f56bfc062723c751e8b465ee728b)
Start importing Assets/Sprites/Terrain (16x16)_54.asset using Guid(5d3826324c842304a93862333ce820db) Importer(815301076,1909f56bfc062723c751e8b465ee728b)  -> (artifact id: '82d1edcbd81b25e003375e044132257b') in 0.016345 seconds 
========================================================================
Received Import Request.
  Time since last request: 0.000031 seconds.
  path: Assets/Sprites/Terrain (16x16)_53.asset
  artifactKey: Guid(d8054d24ac1fa0646b0d281c833423d6) Importer(815301076,1909f56bfc062723c751e8b465ee728b)
Start importing Assets/Sprites/Terrain (16x16)_53.asset using Guid(d8054d24ac1fa0646b0d281c833423d6) Importer(815301076,1909f56bfc062723c751e8b465ee728b)  -> (artifact id: 'a5b977050663bd0daf795e8b80393766') in 0.023090 seconds 
========================================================================
Received Import Request.
  Time since last request: 1.807530 seconds.
  path: Assets/Sprites/Terrain (16x16)_57.asset
  artifactKey: Guid(821869025cb2bc341a529479713fe43d) Importer(815301076,1909f56bfc062723c751e8b465ee728b)
Start importing Assets/Sprites/Terrain (16x16)_57.asset using Guid(821869025cb2bc341a529479713fe43d) Importer(815301076,1909f56bfc062723c751e8b465ee728b)  -> (artifact id: 'ab20cc201a1b138ca6580e879bb8d6ce') in 0.012653 seconds 
========================================================================
Received Import Request.
  Time since last request: 0.000014 seconds.
  path: Assets/Sprites/Terrain (16x16)_59.asset
  artifactKey: Guid(67da659a143e8c74d8f677a2e92bb1e4) Importer(815301076,1909f56bfc062723c751e8b465ee728b)
Start importing Assets/Sprites/Terrain (16x16)_59.asset using Guid(67da659a143e8c74d8f677a2e92bb1e4) Importer(815301076,1909f56bfc062723c751e8b465ee728b)  -> (artifact id: '95181d0387178d5dbcb166a5335433b2') in 0.014678 seconds 
========================================================================
Received Import Request.
  Time since last request: 0.000023 seconds.
  path: Assets/Sprites/Terrain (16x16)_60.asset
  artifactKey: Guid(8f859cabdda9fdf4f9fdcd5514648f13) Importer(815301076,1909f56bfc062723c751e8b465ee728b)
Start importing Assets/Sprites/Terrain (16x16)_60.asset using Guid(8f859cabdda9fdf4f9fdcd5514648f13) Importer(815301076,1909f56bfc062723c751e8b465ee728b)  -> (artifact id: 'cc0361d14974872f6c67243b12953170') in 0.014480 seconds 
========================================================================
Received Import Request.
  Time since last request: 0.000018 seconds.
  path: Assets/Sprites/Terrain (16x16)_63.asset
  artifactKey: Guid(b0ef8549a004f5a4c948c376e31a8649) Importer(815301076,1909f56bfc062723c751e8b465ee728b)
Start importing Assets/Sprites/Terrain (16x16)_63.asset using Guid(b0ef8549a004f5a4c948c376e31a8649) Importer(815301076,1909f56bfc062723c751e8b465ee728b)  -> (artifact id: 'c14ebd152bbb1e07c026d217ad23bc88') in 0.014521 seconds 
========================================================================
Received Import Request.
  Time since last request: 0.000034 seconds.
  path: Assets/Sprites/Terrain (16x16)_67.asset
  artifactKey: Guid(9fc239928ff1df0458e1df77e0a2320b) Importer(815301076,1909f56bfc062723c751e8b465ee728b)
Start importing Assets/Sprites/Terrain (16x16)_67.asset using Guid(9fc239928ff1df0458e1df77e0a2320b) Importer(815301076,1909f56bfc062723c751e8b465ee728b)  -> (artifact id: '779c3e71f69fcd72fbc4082ca5b8acc2') in 0.014101 seconds 
========================================================================
Received Import Request.
  Time since last request: 0.000021 seconds.
  path: Assets/Sprites/Terrain (16x16)_76.asset
  artifactKey: Guid(ce561c328982fe845982451519947242) Importer(815301076,1909f56bfc062723c751e8b465ee728b)
Start importing Assets/Sprites/Terrain (16x16)_76.asset using Guid(ce561c328982fe845982451519947242) Importer(815301076,1909f56bfc062723c751e8b465ee728b)  -> (artifact id: '6c16fb8d56f18662ea4e9bf49d89d648') in 0.015195 seconds 
========================================================================
Received Import Request.
  Time since last request: 0.000024 seconds.
  path: Assets/Sprites/Terrain (16x16)_80.asset
  artifactKey: Guid(3098cb6ec7dd47643ba8ce149b4ecb61) Importer(815301076,1909f56bfc062723c751e8b465ee728b)
Start importing Assets/Sprites/Terrain (16x16)_80.asset using Guid(3098cb6ec7dd47643ba8ce149b4ecb61) Importer(815301076,1909f56bfc062723c751e8b465ee728b)  -> (artifact id: 'f5d0e56d3f46102930212dc974a53b75') in 0.014880 seconds 
========================================================================
Received Import Request.
  Time since last request: 0.000018 seconds.
  path: Assets/Sprites/Terrain (16x16)_71.asset
  artifactKey: Guid(b8be0d4c059695f479c00e7887abcd8b) Importer(815301076,1909f56bfc062723c751e8b465ee728b)
Start importing Assets/Sprites/Terrain (16x16)_71.asset using Guid(b8be0d4c059695f479c00e7887abcd8b) Importer(815301076,1909f56bfc062723c751e8b465ee728b)  -> (artifact id: 'ddbdbafce1e668f1f19fb5a2b62a90ed') in 0.017001 seconds 
========================================================================
Received Import Request.
  Time since last request: 0.000021 seconds.
  path: Assets/Sprites/Terrain (16x16)_70.asset
  artifactKey: Guid(9ad67ebcce4fcef458b92b9f861e157e) Importer(815301076,1909f56bfc062723c751e8b465ee728b)
Start importing Assets/Sprites/Terrain (16x16)_70.asset using Guid(9ad67ebcce4fcef458b92b9f861e157e) Importer(815301076,1909f56bfc062723c751e8b465ee728b)  -> (artifact id: '578b5639b0854a24023d8700232a4ab8') in 0.016121 seconds 
========================================================================
Received Import Request.
  Time since last request: 0.000021 seconds.
  path: Assets/Sprites/Terrain (16x16)_77.asset
  artifactKey: Guid(f0e4314f2af1ad448bc0089b85bf6843) Importer(815301076,1909f56bfc062723c751e8b465ee728b)
Start importing Assets/Sprites/Terrain (16x16)_77.asset using Guid(f0e4314f2af1ad448bc0089b85bf6843) Importer(815301076,1909f56bfc062723c751e8b465ee728b)  -> (artifact id: '5f345e52c2a05367727831cdb761a6ab') in 0.015901 seconds 
========================================================================
Received Import Request.
  Time since last request: 26.855061 seconds.
  path: Assets/Sprites/Terrain (16x16)_87.asset
  artifactKey: Guid(2e26da076cb708748b26f65d42bce2e3) Importer(815301076,1909f56bfc062723c751e8b465ee728b)
Start importing Assets/Sprites/Terrain (16x16)_87.asset using Guid(2e26da076cb708748b26f65d42bce2e3) Importer(815301076,1909f56bfc062723c751e8b465ee728b)  -> (artifact id: '9fbc62eaf34b4b30b039b3d7e0da7218') in 0.012099 seconds 
========================================================================
Received Import Request.
  Time since last request: 0.000021 seconds.
  path: Assets/Sprites/Terrain (16x16)_89.asset
  artifactKey: Guid(25838c9626bb3ac4aa0ce432bcf42850) Importer(815301076,1909f56bfc062723c751e8b465ee728b)
Start importing Assets/Sprites/Terrain (16x16)_89.asset using Guid(25838c9626bb3ac4aa0ce432bcf42850) Importer(815301076,1909f56bfc062723c751e8b465ee728b)  -> (artifact id: '57bb468cb9369f3856c8e399f843c67a') in 0.014943 seconds 
========================================================================
Received Import Request.
  Time since last request: 0.000017 seconds.
  path: Assets/Sprites/Terrain (16x16)_98.asset
  artifactKey: Guid(ee6c3bf30a3065740b1729afaaeda41f) Importer(815301076,1909f56bfc062723c751e8b465ee728b)
Start importing Assets/Sprites/Terrain (16x16)_98.asset using Guid(ee6c3bf30a3065740b1729afaaeda41f) Importer(815301076,1909f56bfc062723c751e8b465ee728b)  -> (artifact id: '745096d21c0455d6a4587c505f45e8e8') in 0.021907 seconds 
========================================================================
Received Import Request.
  Time since last request: 0.000021 seconds.
  path: Assets/Sprites/Terrain (16x16)_92.asset
  artifactKey: Guid(a27763c58128bcb4eb758b7d3adff321) Importer(815301076,1909f56bfc062723c751e8b465ee728b)
Start importing Assets/Sprites/Terrain (16x16)_92.asset using Guid(a27763c58128bcb4eb758b7d3adff321) Importer(815301076,1909f56bfc062723c751e8b465ee728b)  -> (artifact id: '2d4524bacebe7cac3808289428d8d40f') in 0.015518 seconds 
========================================================================
Received Import Request.
  Time since last request: 0.000032 seconds.
  path: Assets/Sprites/Terrain (16x16)_99.asset
  artifactKey: Guid(f0795aefbc84ee54a895a597e6fa00ed) Importer(815301076,1909f56bfc062723c751e8b465ee728b)
Start importing Assets/Sprites/Terrain (16x16)_99.asset using Guid(f0795aefbc84ee54a895a597e6fa00ed) Importer(815301076,1909f56bfc062723c751e8b465ee728b)  -> (artifact id: '2bcd344b9c4a22163f86ba9c9293435e') in 0.015455 seconds 
========================================================================
Received Import Request.
  Time since last request: 0.076518 seconds.
  path: Assets/Sprites/Terrain (16x16)_102.asset
  artifactKey: Guid(11d8fae7e01a9364f8e2c7068c649618) Importer(815301076,1909f56bfc062723c751e8b465ee728b)
Start importing Assets/Sprites/Terrain (16x16)_102.asset using Guid(11d8fae7e01a9364f8e2c7068c649618) Importer(815301076,1909f56bfc062723c751e8b465ee728b)  -> (artifact id: '0b094e8e24b641512b189abeb6d26eec') in 0.015295 seconds 
========================================================================
Received Import Request.
  Time since last request: 0.000018 seconds.
  path: Assets/Sprites/Terrain (16x16)_111.asset
  artifactKey: Guid(00fdcbf3e20aa9e4d9ffcce0cfebcd60) Importer(815301076,1909f56bfc062723c751e8b465ee728b)
Start importing Assets/Sprites/Terrain (16x16)_111.asset using Guid(00fdcbf3e20aa9e4d9ffcce0cfebcd60) Importer(815301076,1909f56bfc062723c751e8b465ee728b)  -> (artifact id: '416e09e8f00572722179f2000aa80ce6') in 0.015680 seconds 
========================================================================
Received Import Request.
  Time since last request: 0.000019 seconds.
  path: Assets/Sprites/Terrain (16x16)_110.asset
  artifactKey: Guid(5957e11a853f93d478aa21445b1e479c) Importer(815301076,1909f56bfc062723c751e8b465ee728b)
Start importing Assets/Sprites/Terrain (16x16)_110.asset using Guid(5957e11a853f93d478aa21445b1e479c) Importer(815301076,1909f56bfc062723c751e8b465ee728b)  -> (artifact id: 'd13da4d4947c788baf7e0f49ed20906f') in 0.014625 seconds 
========================================================================
Received Import Request.
  Time since last request: 0.000016 seconds.
  path: Assets/Sprites/Terrain (16x16)_103.asset
  artifactKey: Guid(c2611a86dac13494db0339458a2b2d44) Importer(815301076,1909f56bfc062723c751e8b465ee728b)
Start importing Assets/Sprites/Terrain (16x16)_103.asset using Guid(c2611a86dac13494db0339458a2b2d44) Importer(815301076,1909f56bfc062723c751e8b465ee728b)  -> (artifact id: 'a3e25343e029ad974a13a4eee19b7a70') in 0.016724 seconds 
========================================================================
Received Import Request.
  Time since last request: 0.002664 seconds.
  path: Assets/Sprites/Terrain (16x16)_107.asset
  artifactKey: Guid(79d5ef8667ec42840a0c45370a569acd) Importer(815301076,1909f56bfc062723c751e8b465ee728b)
Start importing Assets/Sprites/Terrain (16x16)_107.asset using Guid(79d5ef8667ec42840a0c45370a569acd) Importer(815301076,1909f56bfc062723c751e8b465ee728b)  -> (artifact id: 'e9e9bd0ba62f7be4b86a0917ee604500') in 0.020778 seconds 
========================================================================
Received Import Request.
  Time since last request: 0.196490 seconds.
  path: Assets/Sprites/Terrain (16x16)_117.asset
  artifactKey: Guid(2de5057f49ab50a42a1e3f3100d5c865) Importer(815301076,1909f56bfc062723c751e8b465ee728b)
Start importing Assets/Sprites/Terrain (16x16)_117.asset using Guid(2de5057f49ab50a42a1e3f3100d5c865) Importer(815301076,1909f56bfc062723c751e8b465ee728b)  -> (artifact id: '7226d3e2f59a8dd394285e57c1cc35e7') in 0.019511 seconds 
========================================================================
Received Import Request.
  Time since last request: 0.000022 seconds.
  path: Assets/Sprites/Terrain (16x16)_120.asset
  artifactKey: Guid(d8dc2d62775873f41b771e5a9c9a7e9e) Importer(815301076,1909f56bfc062723c751e8b465ee728b)
Start importing Assets/Sprites/Terrain (16x16)_120.asset using Guid(d8dc2d62775873f41b771e5a9c9a7e9e) Importer(815301076,1909f56bfc062723c751e8b465ee728b)  -> (artifact id: '8fd2198332a4e5f4f97ee678f1d97767') in 0.015947 seconds 
========================================================================
Received Import Request.
  Time since last request: 0.000024 seconds.
  path: Assets/Sprites/Terrain (16x16)_123.asset
  artifactKey: Guid(199109d738b107f49bfe5de9902d3187) Importer(815301076,1909f56bfc062723c751e8b465ee728b)
Start importing Assets/Sprites/Terrain (16x16)_123.asset using Guid(199109d738b107f49bfe5de9902d3187) Importer(815301076,1909f56bfc062723c751e8b465ee728b)  -> (artifact id: 'e5ab6f8e63983c845e725d04aea155c5') in 0.017003 seconds 
========================================================================
Received Import Request.
  Time since last request: 0.000036 seconds.
  path: Assets/Sprites/Terrain (16x16)_128.asset
  artifactKey: Guid(bd02e7430860ed442a36acb9ec1d60ba) Importer(815301076,1909f56bfc062723c751e8b465ee728b)
Start importing Assets/Sprites/Terrain (16x16)_128.asset using Guid(bd02e7430860ed442a36acb9ec1d60ba) Importer(815301076,1909f56bfc062723c751e8b465ee728b)  -> (artifact id: 'abf26af3b5570c00dc0f05307dd50165') in 0.025571 seconds 
========================================================================
Received Import Request.
  Time since last request: 0.000017 seconds.
  path: Assets/Sprites/Terrain (16x16)_124.asset
  artifactKey: Guid(18c0044412d7aad44a360debe5d75031) Importer(815301076,1909f56bfc062723c751e8b465ee728b)
Start importing Assets/Sprites/Terrain (16x16)_124.asset using Guid(18c0044412d7aad44a360debe5d75031) Importer(815301076,1909f56bfc062723c751e8b465ee728b)  -> (artifact id: '7b5af82b6bca62f563a5dd07350cf4f8') in 0.016255 seconds 
========================================================================
Received Import Request.
  Time since last request: 0.000023 seconds.
  path: Assets/Sprites/Terrain (16x16)_130.asset
  artifactKey: Guid(e1cb00c1c48531f47a17ffaf48f04ed9) Importer(815301076,1909f56bfc062723c751e8b465ee728b)
Start importing Assets/Sprites/Terrain (16x16)_130.asset using Guid(e1cb00c1c48531f47a17ffaf48f04ed9) Importer(815301076,1909f56bfc062723c751e8b465ee728b)  -> (artifact id: 'afecd4534960e6e848dca0ac4327d750') in 0.017808 seconds 
========================================================================
Received Import Request.
  Time since last request: 0.000019 seconds.
  path: Assets/Sprites/Terrain (16x16)_140.asset
  artifactKey: Guid(9b3c9a3083f93284aafecf3517c2dd34) Importer(815301076,1909f56bfc062723c751e8b465ee728b)
Start importing Assets/Sprites/Terrain (16x16)_140.asset using Guid(9b3c9a3083f93284aafecf3517c2dd34) Importer(815301076,1909f56bfc062723c751e8b465ee728b)  -> (artifact id: 'c778d9a7f1114497000bbbc5a53ab2fe') in 0.019955 seconds 
========================================================================
Received Import Request.
  Time since last request: 0.000018 seconds.
  path: Assets/Sprites/Terrain (16x16)_132.asset
  artifactKey: Guid(d4a1514ac4b7a6b41879be13351006a8) Importer(815301076,1909f56bfc062723c751e8b465ee728b)
Start importing Assets/Sprites/Terrain (16x16)_132.asset using Guid(d4a1514ac4b7a6b41879be13351006a8) Importer(815301076,1909f56bfc062723c751e8b465ee728b)  -> (artifact id: '2b55c25d675a7ef9e455edae1442c7bf') in 0.023370 seconds 
========================================================================
Received Import Request.
  Time since last request: 0.000031 seconds.
  path: Assets/Sprites/Terrain (16x16)_133.asset
  artifactKey: Guid(063a3d139f7aa4e4b8ae9be58860bb1b) Importer(815301076,1909f56bfc062723c751e8b465ee728b)
Start importing Assets/Sprites/Terrain (16x16)_133.asset using Guid(063a3d139f7aa4e4b8ae9be58860bb1b) Importer(815301076,1909f56bfc062723c751e8b465ee728b)  -> (artifact id: '298ff64dff76c65659270f16fe8c1717') in 0.025901 seconds 
========================================================================
Received Import Request.
  Time since last request: 0.000021 seconds.
  path: Assets/Sprites/Terrain (16x16)_136.asset
  artifactKey: Guid(7a02c8d680d25d8468603a39474c069e) Importer(815301076,1909f56bfc062723c751e8b465ee728b)
Start importing Assets/Sprites/Terrain (16x16)_136.asset using Guid(7a02c8d680d25d8468603a39474c069e) Importer(815301076,1909f56bfc062723c751e8b465ee728b)  -> (artifact id: 'aed5ca2ff7e6af9378c56dc14a2ba578') in 0.016058 seconds 
========================================================================
Received Prepare
Registering precompiled user dll's ...
Registered in 0.016651 seconds.
Begin MonoManager ReloadAssembly
Symbol file LoadedFromMemory doesn't match image C:\Users\alexc\Desktop\Bomberman_GameJam\Library\PackageCache\com.unity.visualscripting@1.8.0\Editor\VisualScripting.Core\Dependencies\YamlDotNet\Unity.VisualScripting.YamlDotNet.dll
Symbol file LoadedFromMemory doesn't match image C:\Users\alexc\Desktop\Bomberman_GameJam\Library\PackageCache\com.unity.visualscripting@1.8.0\Editor\VisualScripting.Core\Dependencies\DotNetZip\Unity.VisualScripting.IonicZip.dll
Native extension for WindowsStandalone target not found
Native extension for WebGL target not found
Refreshing native plugins compatible for Editor in 0.94 ms, found 4 plugins.
Preloading 0 native plugins for Editor in 0.00 ms.
Mono: successfully reloaded assembly
- Completed reload, in  1.368 seconds
Domain Reload Profiling:
	ReloadAssembly (1369ms)
		BeginReloadAssembly (187ms)
			ExecutionOrderSort (0ms)
			DisableScriptedObjects (9ms)
			BackupInstance (0ms)
			ReleaseScriptingObjects (0ms)
			CreateAndSetChildDomain (46ms)
		EndReloadAssembly (1034ms)
			LoadAssemblies (141ms)
			RebuildTransferFunctionScriptingTraits (0ms)
			SetupTypeCache (339ms)
			ReleaseScriptCaches (2ms)
			RebuildScriptCaches (61ms)
			SetupLoadedEditorAssemblies (442ms)
				LogAssemblyErrors (0ms)
				InitializePlatformSupportModulesInManaged (12ms)
				SetLoadedEditorAssemblies (1ms)
				RefreshPlugins (1ms)
				BeforeProcessingInitializeOnLoad (113ms)
				ProcessInitializeOnLoadAttributes (254ms)
				ProcessInitializeOnLoadMethodAttributes (44ms)
				AfterProcessingInitializeOnLoad (17ms)
				EditorAssembliesLoaded (0ms)
			ExecutionOrderSort2 (0ms)
			AwakeInstancesAfterBackupRestoration (11ms)
Platform modules already initialized, skipping
Refreshing native plugins compatible for Editor in 3.73 ms, found 4 plugins.
Preloading 0 native plugins for Editor in 0.00 ms.
Unloading 3735 Unused Serialized files (Serialized files now loaded: 0)
Unloading 22 unused Assets / (24.7 KB). Loaded Objects now: 4225.
Memory consumption went from 142.8 MB to 142.7 MB.
Total: 3.633400 ms (FindLiveObjects: 0.331700 ms CreateObjectMapping: 0.216700 ms MarkObjects: 3.025200 ms  DeleteObjects: 0.058600 ms)

AssetImportParameters requested are different than current active one (requested -> active):
  custom:video-decoder-ogg-theora: a1e56fd34408186e4bbccfd4996cb3dc -> 
  custom:container-muxer-webm: aa71ff27fc2769a1b78a27578f13a17b -> 
  custom:container-demuxer-webm: 4f35f7cbe854078d1ac9338744f61a02 -> 
  custom:video-encoder-webm-vp8: eb34c28f22e8b96e1ab97ce403110664 -> 
  custom:audio-encoder-webm-vorbis: bf7c407c2cedff20999df2af8eb42d56 -> 
  custom:framework-win-MediaFoundation: 216162199b28c13a410421893ffa2e32 -> 
  custom:container-demuxer-ogg: 62fdf1f143b41e24485cea50d1cbac27 -> 
  custom:video-decoder-webm-vp8: 9c59270c3fd7afecdb556c50c9e8de78 -> 
  custom:audio-decoder-ogg-vorbis: bf7c407c2cedff20999df2af8eb42d56 -> 
========================================================================
Received Import Request.
  Time since last request: 72.631065 seconds.
  path: Assets/Sprites/Terrain (16x16)_1.asset
  artifactKey: Guid(787ade44b4dbdab488e514e5c659aa8a) Importer(815301076,1909f56bfc062723c751e8b465ee728b)
Start importing Assets/Sprites/Terrain (16x16)_1.asset using Guid(787ade44b4dbdab488e514e5c659aa8a) Importer(815301076,1909f56bfc062723c751e8b465ee728b)  -> (artifact id: '18d94ae3939c5cb538ace9daad94970b') in 0.039035 seconds 
========================================================================
Received Import Request.
  Time since last request: 0.000026 seconds.
  path: Assets/Sprites/Terrain (16x16)_23.asset
  artifactKey: Guid(ccab4d54a35ecc84d8ccdb839c3893f9) Importer(815301076,1909f56bfc062723c751e8b465ee728b)
Start importing Assets/Sprites/Terrain (16x16)_23.asset using Guid(ccab4d54a35ecc84d8ccdb839c3893f9) Importer(815301076,1909f56bfc062723c751e8b465ee728b)  -> (artifact id: '2d8a0c4564c9e1444aa520527e66a8fa') in 0.005558 seconds 
========================================================================
Received Import Request.
  Time since last request: 0.000034 seconds.
  path: Assets/Sprites/Terrain (16x16)_10.asset
  artifactKey: Guid(56b44edb2cd97f04d928d3e211b44f71) Importer(815301076,1909f56bfc062723c751e8b465ee728b)
Start importing Assets/Sprites/Terrain (16x16)_10.asset using Guid(56b44edb2cd97f04d928d3e211b44f71) Importer(815301076,1909f56bfc062723c751e8b465ee728b)  -> (artifact id: 'a6ede4855b9b533eff6dc420d61bbca2') in 0.011669 seconds 
========================================================================
Received Import Request.
  Time since last request: 0.000016 seconds.
  path: Assets/Sprites/Terrain (16x16)_4.asset
  artifactKey: Guid(b73a0536909b0e74f9834e8a7268c94b) Importer(815301076,1909f56bfc062723c751e8b465ee728b)
Start importing Assets/Sprites/Terrain (16x16)_4.asset using Guid(b73a0536909b0e74f9834e8a7268c94b) Importer(815301076,1909f56bfc062723c751e8b465ee728b)  -> (artifact id: 'a18b62a9a180f943e13b67e07e55fc49') in 0.004711 seconds 
========================================================================
Received Import Request.
  Time since last request: 0.000017 seconds.
  path: Assets/Sprites/Terrain (16x16)_6.asset
  artifactKey: Guid(fd391194a23fbdc478a712a6be2274e8) Importer(815301076,1909f56bfc062723c751e8b465ee728b)
Start importing Assets/Sprites/Terrain (16x16)_6.asset using Guid(fd391194a23fbdc478a712a6be2274e8) Importer(815301076,1909f56bfc062723c751e8b465ee728b)  -> (artifact id: 'd9ef2e042a66a8d12730d971c086a911') in 0.005330 seconds 
========================================================================
Received Import Request.
  Time since last request: 0.000023 seconds.
  path: Assets/Sprites/Terrain (16x16)_14.asset
  artifactKey: Guid(a01315384703b594c8a12c6b49f850af) Importer(815301076,1909f56bfc062723c751e8b465ee728b)
Start importing Assets/Sprites/Terrain (16x16)_14.asset using Guid(a01315384703b594c8a12c6b49f850af) Importer(815301076,1909f56bfc062723c751e8b465ee728b)  -> (artifact id: 'cb1230857983f518043a0c4fbf4f276e') in 0.005210 seconds 
========================================================================
Received Import Request.
  Time since last request: 0.000035 seconds.
  path: Assets/Sprites/Terrain (16x16)_21.asset
  artifactKey: Guid(a17fd55135c8f9542a30b7e0e9599466) Importer(815301076,1909f56bfc062723c751e8b465ee728b)
Start importing Assets/Sprites/Terrain (16x16)_21.asset using Guid(a17fd55135c8f9542a30b7e0e9599466) Importer(815301076,1909f56bfc062723c751e8b465ee728b)  -> (artifact id: 'b91fa1acfb6fc731e84315a747fe7315') in 0.012361 seconds 
========================================================================
Received Import Request.
  Time since last request: 0.000023 seconds.
  path: Assets/Sprites/Terrain (16x16)_24.asset
  artifactKey: Guid(be6147f465d7ce74a880da583e3ca85b) Importer(815301076,1909f56bfc062723c751e8b465ee728b)
Start importing Assets/Sprites/Terrain (16x16)_24.asset using Guid(be6147f465d7ce74a880da583e3ca85b) Importer(815301076,1909f56bfc062723c751e8b465ee728b)  -> (artifact id: '08f8ccd85dcb86ac4123522a8e8661d7') in 0.004803 seconds 
========================================================================
Received Import Request.
  Time since last request: 0.000031 seconds.
  path: Assets/Sprites/Terrain (16x16)_3.asset
  artifactKey: Guid(5765dba7f4837ae49a1d4cbb4f81a10f) Importer(815301076,1909f56bfc062723c751e8b465ee728b)
Start importing Assets/Sprites/Terrain (16x16)_3.asset using Guid(5765dba7f4837ae49a1d4cbb4f81a10f) Importer(815301076,1909f56bfc062723c751e8b465ee728b)  -> (artifact id: '436c63169623f93ecd04c2612d8874df') in 0.004615 seconds 
========================================================================
Received Import Request.
  Time since last request: 0.000019 seconds.
  path: Assets/Sprites/Terrain (16x16)_22.asset
  artifactKey: Guid(96b3c89ba965ec44f8b26f5f457b5e45) Importer(815301076,1909f56bfc062723c751e8b465ee728b)
Start importing Assets/Sprites/Terrain (16x16)_22.asset using Guid(96b3c89ba965ec44f8b26f5f457b5e45) Importer(815301076,1909f56bfc062723c751e8b465ee728b)  -> (artifact id: '64b3269d34a87eb43252ce158fefbcfd') in 0.005193 seconds 
========================================================================
Received Import Request.
  Time since last request: 0.000019 seconds.
  path: Assets/Sprites/Terrain (16x16)_35.asset
  artifactKey: Guid(34b24960a23e2754fa58ad83199937a6) Importer(815301076,1909f56bfc062723c751e8b465ee728b)
Start importing Assets/Sprites/Terrain (16x16)_35.asset using Guid(34b24960a23e2754fa58ad83199937a6) Importer(815301076,1909f56bfc062723c751e8b465ee728b)  -> (artifact id: 'e89b51d6c66c0f72821fca1ceeea0af0') in 0.005183 seconds 
========================================================================
Received Import Request.
  Time since last request: 0.000017 seconds.
  path: Assets/Sprites/Terrain (16x16)_16.asset
  artifactKey: Guid(8e5fc7fdf7c28a74e85062f67b24f12f) Importer(815301076,1909f56bfc062723c751e8b465ee728b)
Start importing Assets/Sprites/Terrain (16x16)_16.asset using Guid(8e5fc7fdf7c28a74e85062f67b24f12f) Importer(815301076,1909f56bfc062723c751e8b465ee728b)  -> (artifact id: '8ef9c949f228272949b29b81d986b8b5') in 0.005743 seconds 
========================================================================
Received Import Request.
  Time since last request: 0.000017 seconds.
  path: Assets/Sprites/Terrain (16x16)_30.asset
  artifactKey: Guid(87cc5d5f791cbef44bf04d2e5ecbc964) Importer(815301076,1909f56bfc062723c751e8b465ee728b)
Start importing Assets/Sprites/Terrain (16x16)_30.asset using Guid(87cc5d5f791cbef44bf04d2e5ecbc964) Importer(815301076,1909f56bfc062723c751e8b465ee728b)  -> (artifact id: '27f909bd5121e8d7bf241f2ac1197e33') in 0.009675 seconds 
========================================================================
Received Import Request.
  Time since last request: 0.000032 seconds.
  path: Assets/Sprites/Terrain (16x16)_36.asset
  artifactKey: Guid(a6264bbcf0e6307459de1cc7dc6cc568) Importer(815301076,1909f56bfc062723c751e8b465ee728b)
Start importing Assets/Sprites/Terrain (16x16)_36.asset using Guid(a6264bbcf0e6307459de1cc7dc6cc568) Importer(815301076,1909f56bfc062723c751e8b465ee728b)  -> (artifact id: 'ea60d79332a1f29efa6e91462df73ae4') in 0.006061 seconds 
========================================================================
Received Import Request.
  Time since last request: 0.000039 seconds.
  path: Assets/Sprites/Terrain (16x16)_5.asset
  artifactKey: Guid(6a08e8415a773664682c70e73deb4ed0) Importer(815301076,1909f56bfc062723c751e8b465ee728b)
Start importing Assets/Sprites/Terrain (16x16)_5.asset using Guid(6a08e8415a773664682c70e73deb4ed0) Importer(815301076,1909f56bfc062723c751e8b465ee728b)  -> (artifact id: '3b98830a9335645d9d689d1ae5b95e62') in 0.009975 seconds 
========================================================================
Received Import Request.
  Time since last request: 0.000031 seconds.
  path: Assets/Sprites/Terrain (16x16)_8.asset
  artifactKey: Guid(0bb756e40792b43418889e85d3a90cdc) Importer(815301076,1909f56bfc062723c751e8b465ee728b)
Start importing Assets/Sprites/Terrain (16x16)_8.asset using Guid(0bb756e40792b43418889e85d3a90cdc) Importer(815301076,1909f56bfc062723c751e8b465ee728b)  -> (artifact id: '859832e447e256ee4cb58f672f0ae8e2') in 0.005701 seconds 
========================================================================
Received Import Request.
  Time since last request: 0.000041 seconds.
  path: Assets/Sprites/Terrain (16x16)_32.asset
  artifactKey: Guid(542561c7840421b4a8c027915df2efdb) Importer(815301076,1909f56bfc062723c751e8b465ee728b)
Start importing Assets/Sprites/Terrain (16x16)_32.asset using Guid(542561c7840421b4a8c027915df2efdb) Importer(815301076,1909f56bfc062723c751e8b465ee728b)  -> (artifact id: 'b266aa8ac813c73627636a7a4324a70f') in 0.009589 seconds 
========================================================================
Received Import Request.
  Time since last request: 0.000020 seconds.
  path: Assets/Sprites/Terrain (16x16)_25.asset
  artifactKey: Guid(cfabfcb3e52e5954884240321d058088) Importer(815301076,1909f56bfc062723c751e8b465ee728b)
Start importing Assets/Sprites/Terrain (16x16)_25.asset using Guid(cfabfcb3e52e5954884240321d058088) Importer(815301076,1909f56bfc062723c751e8b465ee728b)  -> (artifact id: 'bd44da36eb99ec2da2c8f06dde5d9614') in 0.005450 seconds 
========================================================================
Received Import Request.
  Time since last request: 0.000020 seconds.
  path: Assets/Sprites/Terrain (16x16)_13.asset
  artifactKey: Guid(600151ccffb68ce44b3d4ef39816d245) Importer(815301076,1909f56bfc062723c751e8b465ee728b)
Start importing Assets/Sprites/Terrain (16x16)_13.asset using Guid(600151ccffb68ce44b3d4ef39816d245) Importer(815301076,1909f56bfc062723c751e8b465ee728b)  -> (artifact id: 'fb016f92a8788840587c629371d4860f') in 0.004635 seconds 
========================================================================
Received Import Request.
  Time since last request: 0.000031 seconds.
  path: Assets/Sprites/Terrain (16x16)_31.asset
  artifactKey: Guid(5001c8163c330894ebe0c219f20199f9) Importer(815301076,1909f56bfc062723c751e8b465ee728b)
Start importing Assets/Sprites/Terrain (16x16)_31.asset using Guid(5001c8163c330894ebe0c219f20199f9) Importer(815301076,1909f56bfc062723c751e8b465ee728b)  -> (artifact id: 'c444169398c71679dbd6197efea60696') in 0.007809 seconds 
========================================================================
Received Import Request.
  Time since last request: 0.619356 seconds.
  path: Assets/Sprites/Terrain (16x16)_41.asset
  artifactKey: Guid(05bf9a1d2e129344e8299913fc9bb2ba) Importer(815301076,1909f56bfc062723c751e8b465ee728b)
Start importing Assets/Sprites/Terrain (16x16)_41.asset using Guid(05bf9a1d2e129344e8299913fc9bb2ba) Importer(815301076,1909f56bfc062723c751e8b465ee728b)  -> (artifact id: '8feba44ba15057757877c161caa957b0') in 0.009870 seconds 
========================================================================
Received Import Request.
  Time since last request: 0.000020 seconds.
  path: Assets/Sprites/Terrain (16x16)_44.asset
  artifactKey: Guid(e52796a7ebe3b7a43929fc7db4795f44) Importer(815301076,1909f56bfc062723c751e8b465ee728b)
Start importing Assets/Sprites/Terrain (16x16)_44.asset using Guid(e52796a7ebe3b7a43929fc7db4795f44) Importer(815301076,1909f56bfc062723c751e8b465ee728b)  -> (artifact id: '6aeefd299bd50dc3d05aabedf9c5497d') in 0.009291 seconds 
========================================================================
Received Import Request.
  Time since last request: 0.000046 seconds.
  path: Assets/Sprites/Terrain (16x16)_49.asset
  artifactKey: Guid(c6bda4a1f7a2af649b5a0a45fd2ff092) Importer(815301076,1909f56bfc062723c751e8b465ee728b)
Start importing Assets/Sprites/Terrain (16x16)_49.asset using Guid(c6bda4a1f7a2af649b5a0a45fd2ff092) Importer(815301076,1909f56bfc062723c751e8b465ee728b)  -> (artifact id: '6f6c75877b5d9dfb95ec10e8cd06045e') in 0.005183 seconds 
========================================================================
Received Import Request.
  Time since last request: 0.000019 seconds.
  path: Assets/Sprites/Terrain (16x16)_45.asset
  artifactKey: Guid(f54bde9e5c1379b44893ebc0a94324fb) Importer(815301076,1909f56bfc062723c751e8b465ee728b)
Start importing Assets/Sprites/Terrain (16x16)_45.asset using Guid(f54bde9e5c1379b44893ebc0a94324fb) Importer(815301076,1909f56bfc062723c751e8b465ee728b)  -> (artifact id: '63989072358d2e32fd738683e29ce61f') in 0.004162 seconds 
========================================================================
Received Import Request.
  Time since last request: 0.000019 seconds.
  path: Assets/Sprites/Terrain (16x16)_54.asset
  artifactKey: Guid(5d3826324c842304a93862333ce820db) Importer(815301076,1909f56bfc062723c751e8b465ee728b)
Start importing Assets/Sprites/Terrain (16x16)_54.asset using Guid(5d3826324c842304a93862333ce820db) Importer(815301076,1909f56bfc062723c751e8b465ee728b)  -> (artifact id: '3b5129051c9710df00618dc080bef0e6') in 0.004217 seconds 
========================================================================
Received Import Request.
  Time since last request: 0.000021 seconds.
  path: Assets/Sprites/Terrain (16x16)_48.asset
  artifactKey: Guid(5a9ea1d9e75cd154a84c1994f25b9684) Importer(815301076,1909f56bfc062723c751e8b465ee728b)
Start importing Assets/Sprites/Terrain (16x16)_48.asset using Guid(5a9ea1d9e75cd154a84c1994f25b9684) Importer(815301076,1909f56bfc062723c751e8b465ee728b)  -> (artifact id: '3bfdb258bce445d8190e00b770fd49bb') in 0.011849 seconds 
========================================================================
Received Import Request.
  Time since last request: 0.000022 seconds.
  path: Assets/Sprites/Terrain (16x16)_47.asset
  artifactKey: Guid(782a95da77b559245ba15b24b993519c) Importer(815301076,1909f56bfc062723c751e8b465ee728b)
Start importing Assets/Sprites/Terrain (16x16)_47.asset using Guid(782a95da77b559245ba15b24b993519c) Importer(815301076,1909f56bfc062723c751e8b465ee728b)  -> (artifact id: '1cbf217322351dfe092f6e8893fc82ee') in 0.005008 seconds 
========================================================================
Received Import Request.
  Time since last request: 1.948870 seconds.
  path: Assets/Sprites/Terrain (16x16)_56.asset
  artifactKey: Guid(d2935d4d033b6ce46a682eb5d754d31b) Importer(815301076,1909f56bfc062723c751e8b465ee728b)
Start importing Assets/Sprites/Terrain (16x16)_56.asset using Guid(d2935d4d033b6ce46a682eb5d754d31b) Importer(815301076,1909f56bfc062723c751e8b465ee728b)  -> (artifact id: '03c5ffcc1fbb24e9325509e6bf1bd7ed') in 0.004759 seconds 
========================================================================
Received Import Request.
  Time since last request: 0.000017 seconds.
  path: Assets/Sprites/Terrain (16x16)_62.asset
  artifactKey: Guid(5e64295a0a3757544a7cff599ec03636) Importer(815301076,1909f56bfc062723c751e8b465ee728b)
Start importing Assets/Sprites/Terrain (16x16)_62.asset using Guid(5e64295a0a3757544a7cff599ec03636) Importer(815301076,1909f56bfc062723c751e8b465ee728b)  -> (artifact id: '89930e8205c6e3ab0f8babf481e0ffe8') in 0.005973 seconds 
========================================================================
Received Import Request.
  Time since last request: 0.000018 seconds.
  path: Assets/Sprites/Terrain (16x16)_64.asset
  artifactKey: Guid(e183a430daf428e49bb66a28acccb41e) Importer(815301076,1909f56bfc062723c751e8b465ee728b)
Start importing Assets/Sprites/Terrain (16x16)_64.asset using Guid(e183a430daf428e49bb66a28acccb41e) Importer(815301076,1909f56bfc062723c751e8b465ee728b)  -> (artifact id: '41b940140980e0b45b1d912459db35b5') in 0.004397 seconds 
========================================================================
Received Import Request.
  Time since last request: 0.000015 seconds.
  path: Assets/Sprites/Terrain (16x16)_68.asset
  artifactKey: Guid(ccf03722b17b5b14d828b08479bec1f3) Importer(815301076,1909f56bfc062723c751e8b465ee728b)
Start importing Assets/Sprites/Terrain (16x16)_68.asset using Guid(ccf03722b17b5b14d828b08479bec1f3) Importer(815301076,1909f56bfc062723c751e8b465ee728b)  -> (artifact id: 'b13d16984524f180908e714d96689502') in 0.004955 seconds 
========================================================================
Received Import Request.
  Time since last request: 0.000021 seconds.
  path: Assets/Sprites/Terrain (16x16)_60.asset
  artifactKey: Guid(8f859cabdda9fdf4f9fdcd5514648f13) Importer(815301076,1909f56bfc062723c751e8b465ee728b)
Start importing Assets/Sprites/Terrain (16x16)_60.asset using Guid(8f859cabdda9fdf4f9fdcd5514648f13) Importer(815301076,1909f56bfc062723c751e8b465ee728b)  -> (artifact id: '32093c346dae60c8efb2088ab447faee') in 0.004220 seconds 
========================================================================
Received Import Request.
  Time since last request: 0.000019 seconds.
  path: Assets/Sprites/Terrain (16x16)_63.asset
  artifactKey: Guid(b0ef8549a004f5a4c948c376e31a8649) Importer(815301076,1909f56bfc062723c751e8b465ee728b)
Start importing Assets/Sprites/Terrain (16x16)_63.asset using Guid(b0ef8549a004f5a4c948c376e31a8649) Importer(815301076,1909f56bfc062723c751e8b465ee728b)  -> (artifact id: '96b59eb3111a3dc195af1be8fdd4d7cb') in 0.004333 seconds 
========================================================================
Received Import Request.
  Time since last request: 0.000024 seconds.
  path: Assets/Sprites/Terrain (16x16)_61.asset
  artifactKey: Guid(7f9816d7e2caa7d48aade8e1fbcaa2c5) Importer(815301076,1909f56bfc062723c751e8b465ee728b)
Start importing Assets/Sprites/Terrain (16x16)_61.asset using Guid(7f9816d7e2caa7d48aade8e1fbcaa2c5) Importer(815301076,1909f56bfc062723c751e8b465ee728b)  -> (artifact id: 'dfbfd0f34a38a32b1aa6c3f82c195c08') in 0.004813 seconds 
========================================================================
Received Import Request.
  Time since last request: 0.000018 seconds.
  path: Assets/Sprites/Terrain (16x16)_58.asset
  artifactKey: Guid(150fce4d05cc81e4889e18a9001e2a23) Importer(815301076,1909f56bfc062723c751e8b465ee728b)
Start importing Assets/Sprites/Terrain (16x16)_58.asset using Guid(150fce4d05cc81e4889e18a9001e2a23) Importer(815301076,1909f56bfc062723c751e8b465ee728b)  -> (artifact id: '8def97e542802d553864f35867a2e1cc') in 0.008805 seconds 
========================================================================
Received Import Request.
  Time since last request: 0.019097 seconds.
  path: Assets/Sprites/Terrain (16x16)_71.asset
  artifactKey: Guid(b8be0d4c059695f479c00e7887abcd8b) Importer(815301076,1909f56bfc062723c751e8b465ee728b)
Start importing Assets/Sprites/Terrain (16x16)_71.asset using Guid(b8be0d4c059695f479c00e7887abcd8b) Importer(815301076,1909f56bfc062723c751e8b465ee728b)  -> (artifact id: '43eb68ac47d1e006c97a4f260338cd6d') in 0.004255 seconds 
========================================================================
Received Import Request.
  Time since last request: 0.000026 seconds.
  path: Assets/Sprites/Terrain (16x16)_76.asset
  artifactKey: Guid(ce561c328982fe845982451519947242) Importer(815301076,1909f56bfc062723c751e8b465ee728b)
Start importing Assets/Sprites/Terrain (16x16)_76.asset using Guid(ce561c328982fe845982451519947242) Importer(815301076,1909f56bfc062723c751e8b465ee728b)  -> (artifact id: 'df2bee8a85983094a32a4ac368e4c5c9') in 0.005257 seconds 
========================================================================
Received Import Request.
  Time since last request: 0.000016 seconds.
  path: Assets/Sprites/Terrain (16x16)_80.asset
  artifactKey: Guid(3098cb6ec7dd47643ba8ce149b4ecb61) Importer(815301076,1909f56bfc062723c751e8b465ee728b)
Start importing Assets/Sprites/Terrain (16x16)_80.asset using Guid(3098cb6ec7dd47643ba8ce149b4ecb61) Importer(815301076,1909f56bfc062723c751e8b465ee728b)  -> (artifact id: 'b053088f3a881ef73c50edf35171263a') in 0.004986 seconds 
========================================================================
Received Import Request.
  Time since last request: 0.000016 seconds.
  path: Assets/Sprites/Terrain (16x16)_73.asset
  artifactKey: Guid(0efb121c573a779408addcea38435ee0) Importer(815301076,1909f56bfc062723c751e8b465ee728b)
Start importing Assets/Sprites/Terrain (16x16)_73.asset using Guid(0efb121c573a779408addcea38435ee0) Importer(815301076,1909f56bfc062723c751e8b465ee728b)  -> (artifact id: '9e5c708764faebe85c4e6a5a2a4f3399') in 0.005219 seconds 
========================================================================
Received Import Request.
  Time since last request: 0.000030 seconds.
  path: Assets/Sprites/Terrain (16x16)_72.asset
  artifactKey: Guid(f1d85dec5f52fa14bbdf4566656c4cef) Importer(815301076,1909f56bfc062723c751e8b465ee728b)
Start importing Assets/Sprites/Terrain (16x16)_72.asset using Guid(f1d85dec5f52fa14bbdf4566656c4cef) Importer(815301076,1909f56bfc062723c751e8b465ee728b)  -> (artifact id: 'c235a138097ff4665b0f3f9fb23e9d2c') in 0.006367 seconds 
========================================================================
Received Import Request.
  Time since last request: 0.000019 seconds.
  path: Assets/Sprites/Terrain (16x16)_83.asset
  artifactKey: Guid(041185cce3b68ad4cbd1682f746a3af9) Importer(815301076,1909f56bfc062723c751e8b465ee728b)
Start importing Assets/Sprites/Terrain (16x16)_83.asset using Guid(041185cce3b68ad4cbd1682f746a3af9) Importer(815301076,1909f56bfc062723c751e8b465ee728b)  -> (artifact id: '292486f1d257c9c999095c17733a19b4') in 0.004540 seconds 
========================================================================
Received Import Request.
  Time since last request: 0.000017 seconds.
  path: Assets/Sprites/Terrain (16x16)_82.asset
  artifactKey: Guid(eea56625a58ef9f409a2c99869d56948) Importer(815301076,1909f56bfc062723c751e8b465ee728b)
Start importing Assets/Sprites/Terrain (16x16)_82.asset using Guid(eea56625a58ef9f409a2c99869d56948) Importer(815301076,1909f56bfc062723c751e8b465ee728b)  -> (artifact id: 'f41a883db01619f7f088bc858a1e6e81') in 0.004307 seconds 
========================================================================
Received Import Request.
  Time since last request: 0.000016 seconds.
  path: Assets/Sprites/Terrain (16x16)_96.asset
  artifactKey: Guid(87869a3087b8b0c4e865a6b116c4ea6a) Importer(815301076,1909f56bfc062723c751e8b465ee728b)
Start importing Assets/Sprites/Terrain (16x16)_96.asset using Guid(87869a3087b8b0c4e865a6b116c4ea6a) Importer(815301076,1909f56bfc062723c751e8b465ee728b)  -> (artifact id: 'edc84ebe8d92513b9ca31ba6561c876c') in 0.004594 seconds 
========================================================================
Received Import Request.
  Time since last request: 0.000019 seconds.
  path: Assets/Sprites/Terrain (16x16)_89.asset
  artifactKey: Guid(25838c9626bb3ac4aa0ce432bcf42850) Importer(815301076,1909f56bfc062723c751e8b465ee728b)
Start importing Assets/Sprites/Terrain (16x16)_89.asset using Guid(25838c9626bb3ac4aa0ce432bcf42850) Importer(815301076,1909f56bfc062723c751e8b465ee728b)  -> (artifact id: 'c496d5ccc850f71872570e38d4b2e6f5') in 0.005402 seconds 
========================================================================
Received Import Request.
  Time since last request: 0.000026 seconds.
  path: Assets/Sprites/Terrain (16x16)_112.asset
  artifactKey: Guid(0d1d903eb3fa1d54f9db1909af999950) Importer(815301076,1909f56bfc062723c751e8b465ee728b)
Start importing Assets/Sprites/Terrain (16x16)_112.asset using Guid(0d1d903eb3fa1d54f9db1909af999950) Importer(815301076,1909f56bfc062723c751e8b465ee728b)  -> (artifact id: '5ff208ed5422dcac73fbf2013a2d2230') in 0.004632 seconds 
========================================================================
Received Import Request.
  Time since last request: 0.000015 seconds.
  path: Assets/Sprites/Terrain (16x16)_87.asset
  artifactKey: Guid(2e26da076cb708748b26f65d42bce2e3) Importer(815301076,1909f56bfc062723c751e8b465ee728b)
Start importing Assets/Sprites/Terrain (16x16)_87.asset using Guid(2e26da076cb708748b26f65d42bce2e3) Importer(815301076,1909f56bfc062723c751e8b465ee728b)  -> (artifact id: 'c69ca57a52297540c23d4deaaf5c315c') in 0.004615 seconds 
========================================================================
Received Import Request.
  Time since last request: 0.000018 seconds.
  path: Assets/Sprites/Terrain (16x16)_106.asset
  artifactKey: Guid(e3c3106efb8a97f4d85ec827ce2d96e9) Importer(815301076,1909f56bfc062723c751e8b465ee728b)
Start importing Assets/Sprites/Terrain (16x16)_106.asset using Guid(e3c3106efb8a97f4d85ec827ce2d96e9) Importer(815301076,1909f56bfc062723c751e8b465ee728b)  -> (artifact id: '271cfcde43e0bc812eb832d996b49913') in 0.004922 seconds 
========================================================================
Received Import Request.
  Time since last request: 0.000018 seconds.
  path: Assets/Sprites/Terrain (16x16)_110.asset
  artifactKey: Guid(5957e11a853f93d478aa21445b1e479c) Importer(815301076,1909f56bfc062723c751e8b465ee728b)
Start importing Assets/Sprites/Terrain (16x16)_110.asset using Guid(5957e11a853f93d478aa21445b1e479c) Importer(815301076,1909f56bfc062723c751e8b465ee728b)  -> (artifact id: 'd345cd9d4147e4f8177df5695d90517a') in 0.004813 seconds 
========================================================================
Received Import Request.
  Time since last request: 0.000015 seconds.
  path: Assets/Sprites/Terrain (16x16)_123.asset
  artifactKey: Guid(199109d738b107f49bfe5de9902d3187) Importer(815301076,1909f56bfc062723c751e8b465ee728b)
Start importing Assets/Sprites/Terrain (16x16)_123.asset using Guid(199109d738b107f49bfe5de9902d3187) Importer(815301076,1909f56bfc062723c751e8b465ee728b)  -> (artifact id: '8906e83c3334c1c69bd2a47ce1cfe369') in 0.004331 seconds 
========================================================================
Received Import Request.
  Time since last request: 0.000015 seconds.
  path: Assets/Sprites/Terrain (16x16)_85.asset
  artifactKey: Guid(e28260ccc8483764fbed6a8a7b55cd84) Importer(815301076,1909f56bfc062723c751e8b465ee728b)
Start importing Assets/Sprites/Terrain (16x16)_85.asset using Guid(e28260ccc8483764fbed6a8a7b55cd84) Importer(815301076,1909f56bfc062723c751e8b465ee728b)  -> (artifact id: '5dce949475d99be1adc6eb2ffb938b94') in 0.004473 seconds 
========================================================================
Received Import Request.
  Time since last request: 0.000019 seconds.
  path: Assets/Sprites/Terrain (16x16)_119.asset
  artifactKey: Guid(2cf8142113381964893f862510c9022d) Importer(815301076,1909f56bfc062723c751e8b465ee728b)
Start importing Assets/Sprites/Terrain (16x16)_119.asset using Guid(2cf8142113381964893f862510c9022d) Importer(815301076,1909f56bfc062723c751e8b465ee728b)  -> (artifact id: 'a84a0b52488fb4b633572d7947fa2ede') in 0.004491 seconds 
========================================================================
Received Import Request.
  Time since last request: 0.000018 seconds.
  path: Assets/Sprites/Terrain (16x16)_121.asset
  artifactKey: Guid(3c23374a15d87df4ca101b36fb209c64) Importer(815301076,1909f56bfc062723c751e8b465ee728b)
Start importing Assets/Sprites/Terrain (16x16)_121.asset using Guid(3c23374a15d87df4ca101b36fb209c64) Importer(815301076,1909f56bfc062723c751e8b465ee728b)  -> (artifact id: '05f96db2a7bf7260ce241283ee21ff70') in 0.004204 seconds 
========================================================================
Received Import Request.
  Time since last request: 0.000051 seconds.
  path: Assets/Sprites/Terrain (16x16)_104.asset
  artifactKey: Guid(c0cacdf2f5e5eb6408c140f4e08d786b) Importer(815301076,1909f56bfc062723c751e8b465ee728b)
Start importing Assets/Sprites/Terrain (16x16)_104.asset using Guid(c0cacdf2f5e5eb6408c140f4e08d786b) Importer(815301076,1909f56bfc062723c751e8b465ee728b)  -> (artifact id: '1473bc0bd814e48d2247006d812db1a1') in 0.004209 seconds 
========================================================================
Received Import Request.
  Time since last request: 0.000019 seconds.
  path: Assets/Sprites/Terrain (16x16)_124.asset
  artifactKey: Guid(18c0044412d7aad44a360debe5d75031) Importer(815301076,1909f56bfc062723c751e8b465ee728b)
Start importing Assets/Sprites/Terrain (16x16)_124.asset using Guid(18c0044412d7aad44a360debe5d75031) Importer(815301076,1909f56bfc062723c751e8b465ee728b)  -> (artifact id: 'a0ab1162b927e86de6b6e6a43960676d') in 0.005348 seconds 
========================================================================
Received Import Request.
  Time since last request: 0.000020 seconds.
  path: Assets/Sprites/Terrain (16x16)_113.asset
  artifactKey: Guid(b7144f1070642f043bddf8c8ec0db18e) Importer(815301076,1909f56bfc062723c751e8b465ee728b)
Start importing Assets/Sprites/Terrain (16x16)_113.asset using Guid(b7144f1070642f043bddf8c8ec0db18e) Importer(815301076,1909f56bfc062723c751e8b465ee728b)  -> (artifact id: 'df9813a1b2a1b872de70a18c4858ab0a') in 0.004597 seconds 
========================================================================
Received Import Request.
  Time since last request: 0.000016 seconds.
  path: Assets/Sprites/Terrain (16x16)_102.asset
  artifactKey: Guid(11d8fae7e01a9364f8e2c7068c649618) Importer(815301076,1909f56bfc062723c751e8b465ee728b)
Start importing Assets/Sprites/Terrain (16x16)_102.asset using Guid(11d8fae7e01a9364f8e2c7068c649618) Importer(815301076,1909f56bfc062723c751e8b465ee728b)  -> (artifact id: '0e0f1aea1ec62f46d617d9a1d6cc0f24') in 0.009653 seconds 
========================================================================
Received Import Request.
  Time since last request: 0.000020 seconds.
  path: Assets/Sprites/Terrain (16x16)_117.asset
  artifactKey: Guid(2de5057f49ab50a42a1e3f3100d5c865) Importer(815301076,1909f56bfc062723c751e8b465ee728b)
Start importing Assets/Sprites/Terrain (16x16)_117.asset using Guid(2de5057f49ab50a42a1e3f3100d5c865) Importer(815301076,1909f56bfc062723c751e8b465ee728b)  -> (artifact id: 'b1d496c9c8a6477eec562d5995cbbcfc') in 0.006700 seconds 
========================================================================
Received Import Request.
  Time since last request: 0.000028 seconds.
  path: Assets/Sprites/Terrain (16x16)_109.asset
  artifactKey: Guid(a0a6a6baa282e1842bc0cfdfd088167b) Importer(815301076,1909f56bfc062723c751e8b465ee728b)
Start importing Assets/Sprites/Terrain (16x16)_109.asset using Guid(a0a6a6baa282e1842bc0cfdfd088167b) Importer(815301076,1909f56bfc062723c751e8b465ee728b)  -> (artifact id: '716138187dc3b9230bd9bd2b9255dc18') in 0.012931 seconds 
========================================================================
Received Import Request.
  Time since last request: 0.000027 seconds.
  path: Assets/Sprites/Terrain (16x16)_90.asset
  artifactKey: Guid(23d36d81ced8c0c4ea65d2d7332fd34f) Importer(815301076,1909f56bfc062723c751e8b465ee728b)
Start importing Assets/Sprites/Terrain (16x16)_90.asset using Guid(23d36d81ced8c0c4ea65d2d7332fd34f) Importer(815301076,1909f56bfc062723c751e8b465ee728b)  -> (artifact id: '90a656de468e13a66333a2e0b5ab5993') in 0.005018 seconds 
========================================================================
Received Import Request.
  Time since last request: 0.000020 seconds.
  path: Assets/Sprites/Terrain (16x16)_101.asset
  artifactKey: Guid(c775c9396c48d884698568e82ae79a58) Importer(815301076,1909f56bfc062723c751e8b465ee728b)
Start importing Assets/Sprites/Terrain (16x16)_101.asset using Guid(c775c9396c48d884698568e82ae79a58) Importer(815301076,1909f56bfc062723c751e8b465ee728b)  -> (artifact id: '7e9ff27962189b0bd7a340b9d3d11045') in 0.004640 seconds 
========================================================================
Received Import Request.
  Time since last request: 0.000018 seconds.
  path: Assets/Sprites/Terrain (16x16)_98.asset
  artifactKey: Guid(ee6c3bf30a3065740b1729afaaeda41f) Importer(815301076,1909f56bfc062723c751e8b465ee728b)
Start importing Assets/Sprites/Terrain (16x16)_98.asset using Guid(ee6c3bf30a3065740b1729afaaeda41f) Importer(815301076,1909f56bfc062723c751e8b465ee728b)  -> (artifact id: 'ebe94c6883ffa96a7bd8c549b488fc58') in 0.004298 seconds 
========================================================================
Received Import Request.
  Time since last request: 0.000018 seconds.
  path: Assets/Sprites/Terrain (16x16)_91.asset
  artifactKey: Guid(6e517f165ccd09a4f96c0c29e107273c) Importer(815301076,1909f56bfc062723c751e8b465ee728b)
Start importing Assets/Sprites/Terrain (16x16)_91.asset using Guid(6e517f165ccd09a4f96c0c29e107273c) Importer(815301076,1909f56bfc062723c751e8b465ee728b)  -> (artifact id: '834f6a0962634914324eaf7b5dd5f665') in 0.004333 seconds 
========================================================================
Received Import Request.
  Time since last request: 0.000021 seconds.
  path: Assets/Sprites/Terrain (16x16)_128.asset
  artifactKey: Guid(bd02e7430860ed442a36acb9ec1d60ba) Importer(815301076,1909f56bfc062723c751e8b465ee728b)
Start importing Assets/Sprites/Terrain (16x16)_128.asset using Guid(bd02e7430860ed442a36acb9ec1d60ba) Importer(815301076,1909f56bfc062723c751e8b465ee728b)  -> (artifact id: 'feab54d5f086cec2c4deacd6c57a8556') in 0.005240 seconds 
========================================================================
Received Import Request.
  Time since last request: 0.000018 seconds.
  path: Assets/Sprites/Terrain (16x16)_92.asset
  artifactKey: Guid(a27763c58128bcb4eb758b7d3adff321) Importer(815301076,1909f56bfc062723c751e8b465ee728b)
Start importing Assets/Sprites/Terrain (16x16)_92.asset using Guid(a27763c58128bcb4eb758b7d3adff321) Importer(815301076,1909f56bfc062723c751e8b465ee728b)  -> (artifact id: '8453d7851e11b5e09a773595ca5d50d2') in 0.003864 seconds 
========================================================================
Received Import Request.
  Time since last request: 0.000022 seconds.
  path: Assets/Sprites/Terrain (16x16)_94.asset
  artifactKey: Guid(bef8f2c1a3872064488d5bcd9fd61ae4) Importer(815301076,1909f56bfc062723c751e8b465ee728b)
Start importing Assets/Sprites/Terrain (16x16)_94.asset using Guid(bef8f2c1a3872064488d5bcd9fd61ae4) Importer(815301076,1909f56bfc062723c751e8b465ee728b)  -> (artifact id: '33d20c51bf5a34c00ed62542e3c37d04') in 0.004222 seconds 
========================================================================
Received Import Request.
  Time since last request: 0.062681 seconds.
  path: Assets/Sprites/Terrain (16x16)_131.asset
  artifactKey: Guid(f1841fd23dc35ab46b18c8180363db4c) Importer(815301076,1909f56bfc062723c751e8b465ee728b)
Start importing Assets/Sprites/Terrain (16x16)_131.asset using Guid(f1841fd23dc35ab46b18c8180363db4c) Importer(815301076,1909f56bfc062723c751e8b465ee728b)  -> (artifact id: 'f0d136881281d0d366a70b545d8783aa') in 0.005294 seconds 
========================================================================
Received Import Request.
  Time since last request: 0.000020 seconds.
  path: Assets/Sprites/Terrain (16x16)_138.asset
  artifactKey: Guid(b319cfac4331cef49af0dbc68167d22d) Importer(815301076,1909f56bfc062723c751e8b465ee728b)
Start importing Assets/Sprites/Terrain (16x16)_138.asset using Guid(b319cfac4331cef49af0dbc68167d22d) Importer(815301076,1909f56bfc062723c751e8b465ee728b)  -> (artifact id: 'a554af9b3228df5db62ddbd05da8d30c') in 0.004831 seconds 
========================================================================
Received Import Request.
  Time since last request: 0.000032 seconds.
  path: Assets/Sprites/Terrain (16x16)_134.asset
  artifactKey: Guid(50be0d4721c6e2e44a04eb21e68b9fbe) Importer(815301076,1909f56bfc062723c751e8b465ee728b)
Start importing Assets/Sprites/Terrain (16x16)_134.asset using Guid(50be0d4721c6e2e44a04eb21e68b9fbe) Importer(815301076,1909f56bfc062723c751e8b465ee728b)  -> (artifact id: 'aab9d89ddec8135ca192392c5cc2bfbb') in 0.006717 seconds 
========================================================================
Received Import Request.
  Time since last request: 0.000018 seconds.
  path: Assets/Sprites/Terrain (16x16)_136.asset
  artifactKey: Guid(7a02c8d680d25d8468603a39474c069e) Importer(815301076,1909f56bfc062723c751e8b465ee728b)
Start importing Assets/Sprites/Terrain (16x16)_136.asset using Guid(7a02c8d680d25d8468603a39474c069e) Importer(815301076,1909f56bfc062723c751e8b465ee728b)  -> (artifact id: 'e865b93f0857eb10dea5ec9d0d6654f2') in 0.004895 seconds 
========================================================================
Received Import Request.
  Time since last request: 0.000015 seconds.
  path: Assets/Sprites/Terrain (16x16)_142.asset
  artifactKey: Guid(24fb59a096be688498e31be7e5c88c35) Importer(815301076,1909f56bfc062723c751e8b465ee728b)
Start importing Assets/Sprites/Terrain (16x16)_142.asset using Guid(24fb59a096be688498e31be7e5c88c35) Importer(815301076,1909f56bfc062723c751e8b465ee728b)  -> (artifact id: '96be74f321bbb955d8954a5f83815778') in 0.005153 seconds 
========================================================================
Received Import Request.
  Time since last request: 0.000016 seconds.
  path: Assets/Sprites/Terrain (16x16)_133.asset
  artifactKey: Guid(063a3d139f7aa4e4b8ae9be58860bb1b) Importer(815301076,1909f56bfc062723c751e8b465ee728b)
Start importing Assets/Sprites/Terrain (16x16)_133.asset using Guid(063a3d139f7aa4e4b8ae9be58860bb1b) Importer(815301076,1909f56bfc062723c751e8b465ee728b)  -> (artifact id: '889b2e1e2e570bf8716a7d52c3ee722a') in 0.004638 seconds 
========================================================================
Received Import Request.
  Time since last request: 0.000014 seconds.
  path: Assets/Sprites/Terrain (16x16)_143.asset
  artifactKey: Guid(2b635c00f348d1549a71960fde08ff44) Importer(815301076,1909f56bfc062723c751e8b465ee728b)
Start importing Assets/Sprites/Terrain (16x16)_143.asset using Guid(2b635c00f348d1549a71960fde08ff44) Importer(815301076,1909f56bfc062723c751e8b465ee728b)  -> (artifact id: '52915c0a44c4f89d805eb334bd9563e9') in 0.004653 seconds 
========================================================================
Received Prepare
Registering precompiled user dll's ...
Registered in 0.014180 seconds.
Begin MonoManager ReloadAssembly
Symbol file LoadedFromMemory doesn't match image C:\Users\alexc\Desktop\Bomberman_GameJam\Library\PackageCache\com.unity.visualscripting@1.8.0\Editor\VisualScripting.Core\Dependencies\YamlDotNet\Unity.VisualScripting.YamlDotNet.dll
Symbol file LoadedFromMemory doesn't match image C:\Users\alexc\Desktop\Bomberman_GameJam\Library\PackageCache\com.unity.visualscripting@1.8.0\Editor\VisualScripting.Core\Dependencies\DotNetZip\Unity.VisualScripting.IonicZip.dll
Native extension for WindowsStandalone target not found
Native extension for WebGL target not found
Refreshing native plugins compatible for Editor in 0.75 ms, found 4 plugins.
Preloading 0 native plugins for Editor in 0.00 ms.
Mono: successfully reloaded assembly
- Completed reload, in  1.420 seconds
Domain Reload Profiling:
	ReloadAssembly (1421ms)
		BeginReloadAssembly (196ms)
			ExecutionOrderSort (0ms)
			DisableScriptedObjects (8ms)
			BackupInstance (0ms)
			ReleaseScriptingObjects (0ms)
			CreateAndSetChildDomain (38ms)
		EndReloadAssembly (1069ms)
			LoadAssemblies (158ms)
			RebuildTransferFunctionScriptingTraits (0ms)
			SetupTypeCache (332ms)
			ReleaseScriptCaches (2ms)
			RebuildScriptCaches (64ms)
			SetupLoadedEditorAssemblies (465ms)
				LogAssemblyErrors (0ms)
				InitializePlatformSupportModulesInManaged (12ms)
				SetLoadedEditorAssemblies (1ms)
				RefreshPlugins (1ms)
				BeforeProcessingInitializeOnLoad (108ms)
				ProcessInitializeOnLoadAttributes (281ms)
				ProcessInitializeOnLoadMethodAttributes (44ms)
				AfterProcessingInitializeOnLoad (17ms)
				EditorAssembliesLoaded (0ms)
			ExecutionOrderSort2 (0ms)
			AwakeInstancesAfterBackupRestoration (10ms)
Platform modules already initialized, skipping
Refreshing native plugins compatible for Editor in 3.37 ms, found 4 plugins.
Preloading 0 native plugins for Editor in 0.00 ms.
Unloading 3735 Unused Serialized files (Serialized files now loaded: 0)
Unloading 22 unused Assets / (24.8 KB). Loaded Objects now: 4228.
Memory consumption went from 143.3 MB to 143.2 MB.
Total: 3.840200 ms (FindLiveObjects: 0.627100 ms CreateObjectMapping: 0.591900 ms MarkObjects: 2.594600 ms  DeleteObjects: 0.025400 ms)

AssetImportParameters requested are different than current active one (requested -> active):
  custom:video-decoder-ogg-theora: a1e56fd34408186e4bbccfd4996cb3dc -> 
  custom:container-muxer-webm: aa71ff27fc2769a1b78a27578f13a17b -> 
  custom:container-demuxer-webm: 4f35f7cbe854078d1ac9338744f61a02 -> 
  custom:video-encoder-webm-vp8: eb34c28f22e8b96e1ab97ce403110664 -> 
  custom:audio-encoder-webm-vorbis: bf7c407c2cedff20999df2af8eb42d56 -> 
  custom:framework-win-MediaFoundation: 216162199b28c13a410421893ffa2e32 -> 
  custom:container-demuxer-ogg: 62fdf1f143b41e24485cea50d1cbac27 -> 
  custom:video-decoder-webm-vp8: 9c59270c3fd7afecdb556c50c9e8de78 -> 
  custom:audio-decoder-ogg-vorbis: bf7c407c2cedff20999df2af8eb42d56 -> 
Editor requested this worker to shutdown with reason: Scaling down because of idle timeout
AssetImportWorker is now disconnected from the server
Process exiting
Exiting without the bug reporter. Application will terminate with return code 0