Using pre-set license
Built from '2021.3/staging' branch; Version is '2021.3.20f1 (577897200b8b) revision 5732503'; Using compiler version '192829333'; Build Type 'Release'
OS: 'Windows 10  (10.0.19044) 64bit Core' Language: 'pt' Physical Memory: 16204 MB
BatchMode: 1, IsHumanControllingUs: 0, StartBugReporterOnCrash: 0, Is64bit: 1, IsPro: 1

COMMAND LINE ARGUMENTS:
C:\Program Files\Unity\Hub\Editor\2021.3.20f1\Editor\Unity.exe
-adb2
-batchMode
-noUpm
-name
AssetImportWorker3
-projectPath
C:/Users/alexc/Desktop/Bomberman_GameJam
-logFile
Logs/AssetImportWorker3.log
-srvPort
58482
Successfully changed project path to: C:/Users/alexc/Desktop/Bomberman_GameJam
C:/Users/alexc/Desktop/Bomberman_GameJam
[UnityMemory] Configuration Parameters - Can be set up in boot.config
    "memorysetup-bucket-allocator-granularity=16"
    "memorysetup-bucket-allocator-bucket-count=8"
    "memorysetup-bucket-allocator-block-size=33554432"
    "memorysetup-bucket-allocator-block-count=8"
    "memorysetup-main-allocator-block-size=16777216"
    "memorysetup-thread-allocator-block-size=16777216"
    "memorysetup-gfx-main-allocator-block-size=16777216"
    "memorysetup-gfx-thread-allocator-block-size=16777216"
    "memorysetup-cache-allocator-block-size=4194304"
    "memorysetup-typetree-allocator-block-size=2097152"
    "memorysetup-profiler-bucket-allocator-granularity=16"
    "memorysetup-profiler-bucket-allocator-bucket-count=8"
    "memorysetup-profiler-bucket-allocator-block-size=33554432"
    "memorysetup-profiler-bucket-allocator-block-count=8"
    "memorysetup-profiler-allocator-block-size=16777216"
    "memorysetup-profiler-editor-allocator-block-size=1048576"
    "memorysetup-temp-allocator-size-main=16777216"
    "memorysetup-job-temp-allocator-block-size=2097152"
    "memorysetup-job-temp-allocator-block-size-background=1048576"
    "memorysetup-job-temp-allocator-reduction-small-platforms=262144"
    "memorysetup-temp-allocator-size-background-worker=32768"
    "memorysetup-temp-allocator-size-job-worker=262144"
    "memorysetup-temp-allocator-size-preload-manager=33554432"
    "memorysetup-temp-allocator-size-nav-mesh-worker=65536"
    "memorysetup-temp-allocator-size-audio-worker=65536"
    "memorysetup-temp-allocator-size-cloud-worker=32768"
    "memorysetup-temp-allocator-size-gi-baking-worker=262144"
    "memorysetup-temp-allocator-size-gfx=262144"
Player connection [33572] Host "[IP] 192.168.1.239 [Port] 0 [Flags] 2 [Guid] 1704611128 [EditorId] 1704611128 [Version] 1048832 [Id] WindowsEditor(7,MSI) [Debug] 1 [PackageName] WindowsEditor [ProjectName] Editor" joined multi-casting on [225.0.0.222:54997]...

Player connection [33572] Host "[IP] 192.168.1.239 [Port] 0 [Flags] 2 [Guid] 1704611128 [EditorId] 1704611128 [Version] 1048832 [Id] WindowsEditor(7,MSI) [Debug] 1 [PackageName] WindowsEditor [ProjectName] Editor" joined alternative multi-casting on [225.0.0.222:34997]...

Refreshing native plugins compatible for Editor in 105.82 ms, found 4 plugins.
Preloading 0 native plugins for Editor in 0.00 ms.
Initialize engine version: 2021.3.20f1 (577897200b8b)
[Subsystems] Discovering subsystems at path C:/Program Files/Unity/Hub/Editor/2021.3.20f1/Editor/Data/Resources/UnitySubsystems
[Subsystems] Discovering subsystems at path C:/Users/alexc/Desktop/Bomberman_GameJam/Assets
GfxDevice: creating device client; threaded=0; jobified=0
Direct3D:
    Version:  Direct3D 11.0 [level 11.1]
    Renderer: NVIDIA GeForce RTX 2060 (ID=0x1f15)
    Vendor:   NVIDIA
    VRAM:     5968 MB
    Driver:   31.0.15.3179
Initialize mono
Mono path[0] = 'C:/Program Files/Unity/Hub/Editor/2021.3.20f1/Editor/Data/Managed'
Mono path[1] = 'C:/Program Files/Unity/Hub/Editor/2021.3.20f1/Editor/Data/MonoBleedingEdge/lib/mono/unityjit-win32'
Mono config path = 'C:/Program Files/Unity/Hub/Editor/2021.3.20f1/Editor/Data/MonoBleedingEdge/etc'
Using monoOptions --debugger-agent=transport=dt_socket,embedding=1,server=y,suspend=n,address=127.0.0.1:56900
Begin MonoManager ReloadAssembly
Registering precompiled unity dll's ...
Register platform support module: C:/Program Files/Unity/Hub/Editor/2021.3.20f1/Editor/Data/PlaybackEngines/WebGLSupport/UnityEditor.WebGL.Extensions.dll
Register platform support module: C:/Program Files/Unity/Hub/Editor/2021.3.20f1/Editor/Data/PlaybackEngines/WindowsStandaloneSupport/UnityEditor.WindowsStandalone.Extensions.dll
Registered in 0.012859 seconds.
Native extension for WindowsStandalone target not found
Native extension for WebGL target not found
Refreshing native plugins compatible for Editor in 89.67 ms, found 4 plugins.
Preloading 0 native plugins for Editor in 0.00 ms.
Mono: successfully reloaded assembly
- Completed reload, in  0.702 seconds
Domain Reload Profiling:
	ReloadAssembly (703ms)
		BeginReloadAssembly (96ms)
			ExecutionOrderSort (0ms)
			DisableScriptedObjects (0ms)
			BackupInstance (0ms)
			ReleaseScriptingObjects (0ms)
			CreateAndSetChildDomain (1ms)
		EndReloadAssembly (484ms)
			LoadAssemblies (92ms)
			RebuildTransferFunctionScriptingTraits (0ms)
			SetupTypeCache (118ms)
			ReleaseScriptCaches (0ms)
			RebuildScriptCaches (27ms)
			SetupLoadedEditorAssemblies (284ms)
				LogAssemblyErrors (0ms)
				InitializePlatformSupportModulesInManaged (10ms)
				SetLoadedEditorAssemblies (0ms)
				RefreshPlugins (90ms)
				BeforeProcessingInitializeOnLoad (1ms)
				ProcessInitializeOnLoadAttributes (139ms)
				ProcessInitializeOnLoadMethodAttributes (44ms)
				AfterProcessingInitializeOnLoad (0ms)
				EditorAssembliesLoaded (0ms)
			ExecutionOrderSort2 (0ms)
			AwakeInstancesAfterBackupRestoration (0ms)
Platform modules already initialized, skipping
Registering precompiled user dll's ...
Registered in 0.011100 seconds.
Begin MonoManager ReloadAssembly
Symbol file LoadedFromMemory doesn't match image C:\Users\alexc\Desktop\Bomberman_GameJam\Library\PackageCache\com.unity.visualscripting@1.8.0\Editor\VisualScripting.Core\Dependencies\YamlDotNet\Unity.VisualScripting.YamlDotNet.dll
Symbol file LoadedFromMemory doesn't match image C:\Users\alexc\Desktop\Bomberman_GameJam\Library\PackageCache\com.unity.visualscripting@1.8.0\Editor\VisualScripting.Core\Dependencies\DotNetZip\Unity.VisualScripting.IonicZip.dll
Native extension for WindowsStandalone target not found
Native extension for WebGL target not found
Refreshing native plugins compatible for Editor in 92.72 ms, found 4 plugins.
Preloading 0 native plugins for Editor in 0.00 ms.
Mono: successfully reloaded assembly
- Completed reload, in  1.201 seconds
Domain Reload Profiling:
	ReloadAssembly (1201ms)
		BeginReloadAssembly (130ms)
			ExecutionOrderSort (0ms)
			DisableScriptedObjects (6ms)
			BackupInstance (0ms)
			ReleaseScriptingObjects (0ms)
			CreateAndSetChildDomain (20ms)
		EndReloadAssembly (949ms)
			LoadAssemblies (110ms)
			RebuildTransferFunctionScriptingTraits (0ms)
			SetupTypeCache (240ms)
			ReleaseScriptCaches (1ms)
			RebuildScriptCaches (67ms)
			SetupLoadedEditorAssemblies (491ms)
				LogAssemblyErrors (0ms)
				InitializePlatformSupportModulesInManaged (7ms)
				SetLoadedEditorAssemblies (0ms)
				RefreshPlugins (93ms)
				BeforeProcessingInitializeOnLoad (110ms)
				ProcessInitializeOnLoadAttributes (231ms)
				ProcessInitializeOnLoadMethodAttributes (38ms)
				AfterProcessingInitializeOnLoad (12ms)
				EditorAssembliesLoaded (0ms)
			ExecutionOrderSort2 (0ms)
			AwakeInstancesAfterBackupRestoration (7ms)
Platform modules already initialized, skipping
========================================================================
Worker process is ready to serve import requests
Launched and connected shader compiler UnityShaderCompiler.exe after 0.04 seconds
Refreshing native plugins compatible for Editor in 0.61 ms, found 4 plugins.
Preloading 0 native plugins for Editor in 0.00 ms.
Unloading 3759 Unused Serialized files (Serialized files now loaded: 0)
Unloading 35 unused Assets / (56.4 KB). Loaded Objects now: 4219.
Memory consumption went from 145.2 MB to 145.1 MB.
Total: 3.456300 ms (FindLiveObjects: 0.295300 ms CreateObjectMapping: 0.237000 ms MarkObjects: 2.854600 ms  DeleteObjects: 0.068400 ms)

AssetImportParameters requested are different than current active one (requested -> active):
  custom:video-decoder-ogg-theora: a1e56fd34408186e4bbccfd4996cb3dc -> 
  custom:container-muxer-webm: aa71ff27fc2769a1b78a27578f13a17b -> 
  custom:container-demuxer-webm: 4f35f7cbe854078d1ac9338744f61a02 -> 
  custom:video-encoder-webm-vp8: eb34c28f22e8b96e1ab97ce403110664 -> 
  custom:audio-encoder-webm-vorbis: bf7c407c2cedff20999df2af8eb42d56 -> 
  custom:framework-win-MediaFoundation: 216162199b28c13a410421893ffa2e32 -> 
  custom:container-demuxer-ogg: 62fdf1f143b41e24485cea50d1cbac27 -> 
  custom:video-decoder-webm-vp8: 9c59270c3fd7afecdb556c50c9e8de78 -> 
  custom:audio-decoder-ogg-vorbis: bf7c407c2cedff20999df2af8eb42d56 -> 
========================================================================
Received Import Request.
  Time since last request: 25072.916055 seconds.
  path: Assets/Sprites/Terrain Sliced (16x16)_2.asset
  artifactKey: Guid(0594408dbde26af4ebbcb2dfca929e89) Importer(815301076,1909f56bfc062723c751e8b465ee728b)
Start importing Assets/Sprites/Terrain Sliced (16x16)_2.asset using Guid(0594408dbde26af4ebbcb2dfca929e89) Importer(815301076,1909f56bfc062723c751e8b465ee728b)  -> (artifact id: 'd8a97fd2e0ad8629dd10f62a5e2ee70d') in 0.096224 seconds 
========================================================================
Received Import Request.
  Time since last request: 0.000030 seconds.
  path: Assets/Sprites/Terrain Sliced (16x16)_11.asset
  artifactKey: Guid(01a5878a194e82d478e27c9628c2383f) Importer(815301076,1909f56bfc062723c751e8b465ee728b)
Start importing Assets/Sprites/Terrain Sliced (16x16)_11.asset using Guid(01a5878a194e82d478e27c9628c2383f) Importer(815301076,1909f56bfc062723c751e8b465ee728b)  -> (artifact id: '64138465e29014e04257de28d7a16353') in 0.018254 seconds 
========================================================================
Received Import Request.
  Time since last request: 0.000035 seconds.
  path: Assets/Sprites/Terrain Sliced (16x16)_8.asset
  artifactKey: Guid(964c5e4e5f8ccf24fae4c6bac77da96d) Importer(815301076,1909f56bfc062723c751e8b465ee728b)
Start importing Assets/Sprites/Terrain Sliced (16x16)_8.asset using Guid(964c5e4e5f8ccf24fae4c6bac77da96d) Importer(815301076,1909f56bfc062723c751e8b465ee728b)  -> (artifact id: 'af77e286a4483fe22ce6b11bb7f0ef5b') in 0.018681 seconds 
========================================================================
Received Import Request.
  Time since last request: 0.000019 seconds.
  path: Assets/Sprites/Terrain Sliced (16x16)_7.asset
  artifactKey: Guid(1b3936fc5d9f380438f46f1764df0b35) Importer(815301076,1909f56bfc062723c751e8b465ee728b)
Start importing Assets/Sprites/Terrain Sliced (16x16)_7.asset using Guid(1b3936fc5d9f380438f46f1764df0b35) Importer(815301076,1909f56bfc062723c751e8b465ee728b)  -> (artifact id: '06d8ebf62e0b3c068f666c24741b1cff') in 0.094785 seconds 
========================================================================
Received Import Request.
  Time since last request: 1262.112051 seconds.
  path: Assets/Tiles/Brick.asset
  artifactKey: Guid(fb2a25ebb446c214f90b25078027d9a4) Importer(815301076,1909f56bfc062723c751e8b465ee728b)
Start importing Assets/Tiles/Brick.asset using Guid(fb2a25ebb446c214f90b25078027d9a4) Importer(815301076,1909f56bfc062723c751e8b465ee728b)  -> (artifact id: '0e8f668e38ee278edfe29be9eba299e5') in 0.021971 seconds 
========================================================================
Received Import Request.
  Time since last request: 0.000034 seconds.
  path: Assets/Tiles/Tiles.prefab
  artifactKey: Guid(79d936ece55ff454c898651a48a065bb) Importer(815301076,1909f56bfc062723c751e8b465ee728b)
Start importing Assets/Tiles/Tiles.prefab using Guid(79d936ece55ff454c898651a48a065bb) Importer(815301076,1909f56bfc062723c751e8b465ee728b)  -> (artifact id: 'e1a60cce5890e57809cd12c16a0c906e') in 0.226064 seconds 
========================================================================
Received Prepare
Registering precompiled user dll's ...
Registered in 0.012328 seconds.
Begin MonoManager ReloadAssembly
Symbol file LoadedFromMemory doesn't match image C:\Users\alexc\Desktop\Bomberman_GameJam\Library\PackageCache\com.unity.visualscripting@1.8.0\Editor\VisualScripting.Core\Dependencies\YamlDotNet\Unity.VisualScripting.YamlDotNet.dll
Symbol file LoadedFromMemory doesn't match image C:\Users\alexc\Desktop\Bomberman_GameJam\Library\PackageCache\com.unity.visualscripting@1.8.0\Editor\VisualScripting.Core\Dependencies\DotNetZip\Unity.VisualScripting.IonicZip.dll
Native extension for WindowsStandalone target not found
Native extension for WebGL target not found
Refreshing native plugins compatible for Editor in 0.74 ms, found 4 plugins.
Preloading 0 native plugins for Editor in 0.00 ms.
Mono: successfully reloaded assembly
- Completed reload, in  1.463 seconds
Domain Reload Profiling:
	ReloadAssembly (1464ms)
		BeginReloadAssembly (196ms)
			ExecutionOrderSort (0ms)
			DisableScriptedObjects (7ms)
			BackupInstance (0ms)
			ReleaseScriptingObjects (0ms)
			CreateAndSetChildDomain (47ms)
		EndReloadAssembly (1121ms)
			LoadAssemblies (147ms)
			RebuildTransferFunctionScriptingTraits (1ms)
			SetupTypeCache (354ms)
			ReleaseScriptCaches (2ms)
			RebuildScriptCaches (62ms)
			SetupLoadedEditorAssemblies (509ms)
				LogAssemblyErrors (0ms)
				InitializePlatformSupportModulesInManaged (11ms)
				SetLoadedEditorAssemblies (1ms)
				RefreshPlugins (1ms)
				BeforeProcessingInitializeOnLoad (141ms)
				ProcessInitializeOnLoadAttributes (285ms)
				ProcessInitializeOnLoadMethodAttributes (49ms)
				AfterProcessingInitializeOnLoad (22ms)
				EditorAssembliesLoaded (0ms)
			ExecutionOrderSort2 (0ms)
			AwakeInstancesAfterBackupRestoration (11ms)
Platform modules already initialized, skipping
Refreshing native plugins compatible for Editor in 3.55 ms, found 4 plugins.
Preloading 0 native plugins for Editor in 0.00 ms.
Unloading 3735 Unused Serialized files (Serialized files now loaded: 0)
Unloading 22 unused Assets / (24.7 KB). Loaded Objects now: 4234.
Memory consumption went from 147.2 MB to 147.2 MB.
Total: 3.362400 ms (FindLiveObjects: 0.303200 ms CreateObjectMapping: 0.224200 ms MarkObjects: 2.805400 ms  DeleteObjects: 0.028800 ms)

AssetImportParameters requested are different than current active one (requested -> active):
  custom:video-decoder-ogg-theora: a1e56fd34408186e4bbccfd4996cb3dc -> 
  custom:container-muxer-webm: aa71ff27fc2769a1b78a27578f13a17b -> 
  custom:container-demuxer-webm: 4f35f7cbe854078d1ac9338744f61a02 -> 
  custom:video-encoder-webm-vp8: eb34c28f22e8b96e1ab97ce403110664 -> 
  custom:audio-encoder-webm-vorbis: bf7c407c2cedff20999df2af8eb42d56 -> 
  custom:framework-win-MediaFoundation: 216162199b28c13a410421893ffa2e32 -> 
  custom:container-demuxer-ogg: 62fdf1f143b41e24485cea50d1cbac27 -> 
  custom:video-decoder-webm-vp8: 9c59270c3fd7afecdb556c50c9e8de78 -> 
  custom:audio-decoder-ogg-vorbis: bf7c407c2cedff20999df2af8eb42d56 -> 
========================================================================
Received Prepare
Registering precompiled user dll's ...
Registered in 0.012775 seconds.
Begin MonoManager ReloadAssembly
Symbol file LoadedFromMemory doesn't match image C:\Users\alexc\Desktop\Bomberman_GameJam\Library\PackageCache\com.unity.visualscripting@1.8.0\Editor\VisualScripting.Core\Dependencies\YamlDotNet\Unity.VisualScripting.YamlDotNet.dll
Symbol file LoadedFromMemory doesn't match image C:\Users\alexc\Desktop\Bomberman_GameJam\Library\PackageCache\com.unity.visualscripting@1.8.0\Editor\VisualScripting.Core\Dependencies\DotNetZip\Unity.VisualScripting.IonicZip.dll
Native extension for WindowsStandalone target not found
Native extension for WebGL target not found
Refreshing native plugins compatible for Editor in 0.84 ms, found 4 plugins.
Preloading 0 native plugins for Editor in 0.00 ms.
Mono: successfully reloaded assembly
- Completed reload, in  1.445 seconds
Domain Reload Profiling:
	ReloadAssembly (1446ms)
		BeginReloadAssembly (218ms)
			ExecutionOrderSort (0ms)
			DisableScriptedObjects (10ms)
			BackupInstance (0ms)
			ReleaseScriptingObjects (0ms)
			CreateAndSetChildDomain (52ms)
		EndReloadAssembly (1084ms)
			LoadAssemblies (160ms)
			RebuildTransferFunctionScriptingTraits (0ms)
			SetupTypeCache (326ms)
			ReleaseScriptCaches (2ms)
			RebuildScriptCaches (70ms)
			SetupLoadedEditorAssemblies (493ms)
				LogAssemblyErrors (0ms)
				InitializePlatformSupportModulesInManaged (12ms)
				SetLoadedEditorAssemblies (1ms)
				RefreshPlugins (1ms)
				BeforeProcessingInitializeOnLoad (110ms)
				ProcessInitializeOnLoadAttributes (303ms)
				ProcessInitializeOnLoadMethodAttributes (50ms)
				AfterProcessingInitializeOnLoad (16ms)
				EditorAssembliesLoaded (0ms)
			ExecutionOrderSort2 (0ms)
			AwakeInstancesAfterBackupRestoration (11ms)
Platform modules already initialized, skipping
Refreshing native plugins compatible for Editor in 4.74 ms, found 4 plugins.
Preloading 0 native plugins for Editor in 0.00 ms.
Unloading 3735 Unused Serialized files (Serialized files now loaded: 0)
Unloading 22 unused Assets / (24.6 KB). Loaded Objects now: 4237.
Memory consumption went from 147.2 MB to 147.2 MB.
Total: 3.210700 ms (FindLiveObjects: 0.305900 ms CreateObjectMapping: 0.211600 ms MarkObjects: 2.660100 ms  DeleteObjects: 0.031100 ms)

AssetImportParameters requested are different than current active one (requested -> active):
  custom:video-decoder-ogg-theora: a1e56fd34408186e4bbccfd4996cb3dc -> 
  custom:container-muxer-webm: aa71ff27fc2769a1b78a27578f13a17b -> 
  custom:container-demuxer-webm: 4f35f7cbe854078d1ac9338744f61a02 -> 
  custom:video-encoder-webm-vp8: eb34c28f22e8b96e1ab97ce403110664 -> 
  custom:audio-encoder-webm-vorbis: bf7c407c2cedff20999df2af8eb42d56 -> 
  custom:framework-win-MediaFoundation: 216162199b28c13a410421893ffa2e32 -> 
  custom:container-demuxer-ogg: 62fdf1f143b41e24485cea50d1cbac27 -> 
  custom:video-decoder-webm-vp8: 9c59270c3fd7afecdb556c50c9e8de78 -> 
  custom:audio-decoder-ogg-vorbis: bf7c407c2cedff20999df2af8eb42d56 -> 
========================================================================
Received Import Request.
  Time since last request: 240.974601 seconds.
  path: Assets/Fonts/Roboto-Bold SDF.asset
  artifactKey: Guid(5e45601f0fe8a544d96dd990ed0b3d2f) Importer(815301076,1909f56bfc062723c751e8b465ee728b)
Start importing Assets/Fonts/Roboto-Bold SDF.asset using Guid(5e45601f0fe8a544d96dd990ed0b3d2f) Importer(815301076,1909f56bfc062723c751e8b465ee728b)  -> (artifact id: 'b96512af8c144c953febe1193e86e6db') in 0.098646 seconds 
========================================================================
Received Import Request.
  Time since last request: 0.000034 seconds.
  path: Assets/Fonts/Roboto-Bold.ttf
  artifactKey: Guid(0fa78c474e213294e808eeae11844529) Importer(815301076,1909f56bfc062723c751e8b465ee728b)
Start importing Assets/Fonts/Roboto-Bold.ttf using Guid(0fa78c474e213294e808eeae11844529) Importer(815301076,1909f56bfc062723c751e8b465ee728b)  -> (artifact id: '10d56cc2603b3b987b2dc4c259b6975e') in 0.026875 seconds 
========================================================================
Received Import Request.
  Time since last request: 1.713412 seconds.
  path: Assets/Prefabs/Destructible.prefab
  artifactKey: Guid(4df0eafd484747f42b21320c2c4b59ad) Importer(815301076,1909f56bfc062723c751e8b465ee728b)
Start importing Assets/Prefabs/Destructible.prefab using Guid(4df0eafd484747f42b21320c2c4b59ad) Importer(815301076,1909f56bfc062723c751e8b465ee728b)  -> (artifact id: '46049406add97e5ba6a4ef05afc66075') in 0.038801 seconds 
========================================================================
Received Import Request.
  Time since last request: 0.000021 seconds.
  path: Assets/Prefabs/Explosion.prefab
  artifactKey: Guid(6c5d9d822fbb69d41a6a17d74b39df2f) Importer(815301076,1909f56bfc062723c751e8b465ee728b)
Start importing Assets/Prefabs/Explosion.prefab using Guid(6c5d9d822fbb69d41a6a17d74b39df2f) Importer(815301076,1909f56bfc062723c751e8b465ee728b)  -> (artifact id: '9278bafc96ca6d222e0f0d8dd76f7630') in 0.021452 seconds 
========================================================================
Received Import Request.
  Time since last request: 0.000024 seconds.
  path: Assets/Prefabs/ItemBlastRadius.prefab
  artifactKey: Guid(daa799c167f798d4bb7b17373ab1af69) Importer(815301076,1909f56bfc062723c751e8b465ee728b)
Start importing Assets/Prefabs/ItemBlastRadius.prefab using Guid(daa799c167f798d4bb7b17373ab1af69) Importer(815301076,1909f56bfc062723c751e8b465ee728b)  -> (artifact id: '0e63ddeacc92377c810cd9fd355e1237') in 0.016316 seconds 
========================================================================
Received Import Request.
  Time since last request: 38.212604 seconds.
  path: Assets/Sprites/Terrain (16x16)_1.asset
  artifactKey: Guid(787ade44b4dbdab488e514e5c659aa8a) Importer(815301076,1909f56bfc062723c751e8b465ee728b)
Start importing Assets/Sprites/Terrain (16x16)_1.asset using Guid(787ade44b4dbdab488e514e5c659aa8a) Importer(815301076,1909f56bfc062723c751e8b465ee728b)  -> (artifact id: '921b7afce9863eb020fedbdeb7dfd895') in 0.027169 seconds 
========================================================================
Received Import Request.
  Time since last request: 0.000018 seconds.
  path: Assets/Sprites/Terrain (16x16)_23.asset
  artifactKey: Guid(ccab4d54a35ecc84d8ccdb839c3893f9) Importer(815301076,1909f56bfc062723c751e8b465ee728b)
Start importing Assets/Sprites/Terrain (16x16)_23.asset using Guid(ccab4d54a35ecc84d8ccdb839c3893f9) Importer(815301076,1909f56bfc062723c751e8b465ee728b)  -> (artifact id: 'e4567c06a66d13f22aa5f7db11f1ee61') in 0.022078 seconds 
========================================================================
Received Import Request.
  Time since last request: 0.000024 seconds.
  path: Assets/Sprites/Terrain (16x16)_11.asset
  artifactKey: Guid(ecfbf8e0c32bbdc4489788fb66c37a64) Importer(815301076,1909f56bfc062723c751e8b465ee728b)
Start importing Assets/Sprites/Terrain (16x16)_11.asset using Guid(ecfbf8e0c32bbdc4489788fb66c37a64) Importer(815301076,1909f56bfc062723c751e8b465ee728b)  -> (artifact id: '2da0b9e853fc017854a1142163ae0d54') in 0.022333 seconds 
========================================================================
Received Import Request.
  Time since last request: 0.000025 seconds.
  path: Assets/Sprites/Terrain (16x16)_4.asset
  artifactKey: Guid(b73a0536909b0e74f9834e8a7268c94b) Importer(815301076,1909f56bfc062723c751e8b465ee728b)
Start importing Assets/Sprites/Terrain (16x16)_4.asset using Guid(b73a0536909b0e74f9834e8a7268c94b) Importer(815301076,1909f56bfc062723c751e8b465ee728b)  -> (artifact id: 'c1a7141d052ef17e46985dc839b3d4da') in 0.017923 seconds 
========================================================================
Received Import Request.
  Time since last request: 0.000031 seconds.
  path: Assets/Sprites/Terrain (16x16)_27.asset
  artifactKey: Guid(4a45c75875f41794da12dc69e1061e9e) Importer(815301076,1909f56bfc062723c751e8b465ee728b)
Start importing Assets/Sprites/Terrain (16x16)_27.asset using Guid(4a45c75875f41794da12dc69e1061e9e) Importer(815301076,1909f56bfc062723c751e8b465ee728b)  -> (artifact id: 'bcafa3134e485a04fef426670b887604') in 0.016452 seconds 
========================================================================
Received Import Request.
  Time since last request: 0.000036 seconds.
  path: Assets/Sprites/Terrain (16x16)_34.asset
  artifactKey: Guid(2d5b587b7be786c4c83e374ec8229c2e) Importer(815301076,1909f56bfc062723c751e8b465ee728b)
Start importing Assets/Sprites/Terrain (16x16)_34.asset using Guid(2d5b587b7be786c4c83e374ec8229c2e) Importer(815301076,1909f56bfc062723c751e8b465ee728b)  -> (artifact id: '7f4df0276cb7e78ce69704f2a14795e3') in 0.017319 seconds 
========================================================================
Received Import Request.
  Time since last request: 0.000021 seconds.
  path: Assets/Sprites/Terrain (16x16)_3.asset
  artifactKey: Guid(5765dba7f4837ae49a1d4cbb4f81a10f) Importer(815301076,1909f56bfc062723c751e8b465ee728b)
Start importing Assets/Sprites/Terrain (16x16)_3.asset using Guid(5765dba7f4837ae49a1d4cbb4f81a10f) Importer(815301076,1909f56bfc062723c751e8b465ee728b)  -> (artifact id: '6a2728963ab25e223e621ae90f8fd7ac') in 0.016604 seconds 
========================================================================
Received Import Request.
  Time since last request: 0.000036 seconds.
  path: Assets/Sprites/Terrain (16x16)_17.asset
  artifactKey: Guid(b3aaf3469b7a8184f8f5772863ab27bb) Importer(815301076,1909f56bfc062723c751e8b465ee728b)
Start importing Assets/Sprites/Terrain (16x16)_17.asset using Guid(b3aaf3469b7a8184f8f5772863ab27bb) Importer(815301076,1909f56bfc062723c751e8b465ee728b)  -> (artifact id: '521a4e711c5fce82302674cc42830055') in 0.017624 seconds 
========================================================================
Received Import Request.
  Time since last request: 0.000024 seconds.
  path: Assets/Sprites/Terrain (16x16)_16.asset
  artifactKey: Guid(8e5fc7fdf7c28a74e85062f67b24f12f) Importer(815301076,1909f56bfc062723c751e8b465ee728b)
Start importing Assets/Sprites/Terrain (16x16)_16.asset using Guid(8e5fc7fdf7c28a74e85062f67b24f12f) Importer(815301076,1909f56bfc062723c751e8b465ee728b)  -> (artifact id: '59ff6663058d938bac5d7635466a16e7') in 0.015099 seconds 
========================================================================
Received Import Request.
  Time since last request: 0.000021 seconds.
  path: Assets/Sprites/Terrain (16x16)_26.asset
  artifactKey: Guid(2d36bc03a6d9a7d4ca93cee4a12fda0a) Importer(815301076,1909f56bfc062723c751e8b465ee728b)
Start importing Assets/Sprites/Terrain (16x16)_26.asset using Guid(2d36bc03a6d9a7d4ca93cee4a12fda0a) Importer(815301076,1909f56bfc062723c751e8b465ee728b)  -> (artifact id: 'b7b1250f69520b61a57d49c86f4b8e7e') in 0.015366 seconds 
========================================================================
Received Import Request.
  Time since last request: 0.000031 seconds.
  path: Assets/Sprites/Terrain (16x16)_5.asset
  artifactKey: Guid(6a08e8415a773664682c70e73deb4ed0) Importer(815301076,1909f56bfc062723c751e8b465ee728b)
Start importing Assets/Sprites/Terrain (16x16)_5.asset using Guid(6a08e8415a773664682c70e73deb4ed0) Importer(815301076,1909f56bfc062723c751e8b465ee728b)  -> (artifact id: '71d5adf8e27f3eeaeae6debe9b775b0b') in 0.016980 seconds 
========================================================================
Received Import Request.
  Time since last request: 0.000047 seconds.
  path: Assets/Sprites/Terrain (16x16)_28.asset
  artifactKey: Guid(66ece88721e82314aa570b2988445969) Importer(815301076,1909f56bfc062723c751e8b465ee728b)
Start importing Assets/Sprites/Terrain (16x16)_28.asset using Guid(66ece88721e82314aa570b2988445969) Importer(815301076,1909f56bfc062723c751e8b465ee728b)  -> (artifact id: '39e4bf85ebca17cd813c6a6439f6a2ac') in 0.016408 seconds 
========================================================================
Received Import Request.
  Time since last request: 0.000022 seconds.
  path: Assets/Sprites/Terrain (16x16)_18.asset
  artifactKey: Guid(32db9ae085e2b984dbee9b8d90531324) Importer(815301076,1909f56bfc062723c751e8b465ee728b)
Start importing Assets/Sprites/Terrain (16x16)_18.asset using Guid(32db9ae085e2b984dbee9b8d90531324) Importer(815301076,1909f56bfc062723c751e8b465ee728b)  -> (artifact id: '959358b9d206421e5893f05753d95d76') in 0.014419 seconds 
========================================================================
Received Import Request.
  Time since last request: 0.000018 seconds.
  path: Assets/Sprites/Terrain (16x16)_9.asset
  artifactKey: Guid(bd7f3ca80e365c144abacf8a7ce8f862) Importer(815301076,1909f56bfc062723c751e8b465ee728b)
Start importing Assets/Sprites/Terrain (16x16)_9.asset using Guid(bd7f3ca80e365c144abacf8a7ce8f862) Importer(815301076,1909f56bfc062723c751e8b465ee728b)  -> (artifact id: 'e97b0a9a06a2625cd669d415eecdb09e') in 0.018027 seconds 
========================================================================
Received Import Request.
  Time since last request: 0.504006 seconds.
  path: Assets/Sprites/Terrain (16x16)_41.asset
  artifactKey: Guid(05bf9a1d2e129344e8299913fc9bb2ba) Importer(815301076,1909f56bfc062723c751e8b465ee728b)
Start importing Assets/Sprites/Terrain (16x16)_41.asset using Guid(05bf9a1d2e129344e8299913fc9bb2ba) Importer(815301076,1909f56bfc062723c751e8b465ee728b)  -> (artifact id: 'd4d426e3fcf38c9d43e47248c1e6c644') in 0.015450 seconds 
========================================================================
Received Import Request.
  Time since last request: 0.000017 seconds.
  path: Assets/Sprites/Terrain (16x16)_50.asset
  artifactKey: Guid(fa82cb2ab5a4ff44f85f014f5f8ab082) Importer(815301076,1909f56bfc062723c751e8b465ee728b)
Start importing Assets/Sprites/Terrain (16x16)_50.asset using Guid(fa82cb2ab5a4ff44f85f014f5f8ab082) Importer(815301076,1909f56bfc062723c751e8b465ee728b)  -> (artifact id: 'b24d14f480a2a4c00b06c54fad69deb6') in 0.012551 seconds 
========================================================================
Received Import Request.
  Time since last request: 0.000025 seconds.
  path: Assets/Sprites/Terrain (16x16)_49.asset
  artifactKey: Guid(c6bda4a1f7a2af649b5a0a45fd2ff092) Importer(815301076,1909f56bfc062723c751e8b465ee728b)
Start importing Assets/Sprites/Terrain (16x16)_49.asset using Guid(c6bda4a1f7a2af649b5a0a45fd2ff092) Importer(815301076,1909f56bfc062723c751e8b465ee728b)  -> (artifact id: '1e0b8e003530a02ffb6cb14913a159fa') in 0.017071 seconds 
========================================================================
Received Import Request.
  Time since last request: 0.000015 seconds.
  path: Assets/Sprites/Terrain (16x16)_43.asset
  artifactKey: Guid(d731aca56c26abb469783bbc67684153) Importer(815301076,1909f56bfc062723c751e8b465ee728b)
Start importing Assets/Sprites/Terrain (16x16)_43.asset using Guid(d731aca56c26abb469783bbc67684153) Importer(815301076,1909f56bfc062723c751e8b465ee728b)  -> (artifact id: '8d3a00bbe0646558efb3b3bc5ef1725d') in 0.015855 seconds 
========================================================================
Received Import Request.
  Time since last request: 0.000039 seconds.
  path: Assets/Sprites/Terrain (16x16)_47.asset
  artifactKey: Guid(782a95da77b559245ba15b24b993519c) Importer(815301076,1909f56bfc062723c751e8b465ee728b)
Start importing Assets/Sprites/Terrain (16x16)_47.asset using Guid(782a95da77b559245ba15b24b993519c) Importer(815301076,1909f56bfc062723c751e8b465ee728b)  -> (artifact id: '2f7fe7d12c0fa514de3ad8ece7265539') in 0.024286 seconds 
========================================================================
Received Import Request.
  Time since last request: 1.806451 seconds.
  path: Assets/Sprites/Terrain (16x16)_56.asset
  artifactKey: Guid(d2935d4d033b6ce46a682eb5d754d31b) Importer(815301076,1909f56bfc062723c751e8b465ee728b)
Start importing Assets/Sprites/Terrain (16x16)_56.asset using Guid(d2935d4d033b6ce46a682eb5d754d31b) Importer(815301076,1909f56bfc062723c751e8b465ee728b)  -> (artifact id: 'ec6c00ab80d1ee995d18db858232509f') in 0.013780 seconds 
========================================================================
Received Import Request.
  Time since last request: 0.000015 seconds.
  path: Assets/Sprites/Terrain (16x16)_64.asset
  artifactKey: Guid(e183a430daf428e49bb66a28acccb41e) Importer(815301076,1909f56bfc062723c751e8b465ee728b)
Start importing Assets/Sprites/Terrain (16x16)_64.asset using Guid(e183a430daf428e49bb66a28acccb41e) Importer(815301076,1909f56bfc062723c751e8b465ee728b)  -> (artifact id: 'cf58808cd76ac46b37afe03451013a5c') in 0.014491 seconds 
========================================================================
Received Import Request.
  Time since last request: 0.000025 seconds.
  path: Assets/Sprites/Terrain (16x16)_68.asset
  artifactKey: Guid(ccf03722b17b5b14d828b08479bec1f3) Importer(815301076,1909f56bfc062723c751e8b465ee728b)
Start importing Assets/Sprites/Terrain (16x16)_68.asset using Guid(ccf03722b17b5b14d828b08479bec1f3) Importer(815301076,1909f56bfc062723c751e8b465ee728b)  -> (artifact id: 'b0f04e0cd5839935826ff898069ab1aa') in 0.014298 seconds 
========================================================================
Received Import Request.
  Time since last request: 0.000020 seconds.
  path: Assets/Sprites/Terrain (16x16)_65.asset
  artifactKey: Guid(b4a3e330637ab0a47a56188159bd7606) Importer(815301076,1909f56bfc062723c751e8b465ee728b)
Start importing Assets/Sprites/Terrain (16x16)_65.asset using Guid(b4a3e330637ab0a47a56188159bd7606) Importer(815301076,1909f56bfc062723c751e8b465ee728b)  -> (artifact id: '6541d39f783f7f74ce86f6bb5bd56fdd') in 0.014061 seconds 
========================================================================
Received Import Request.
  Time since last request: 0.000042 seconds.
  path: Assets/Sprites/Terrain (16x16)_58.asset
  artifactKey: Guid(150fce4d05cc81e4889e18a9001e2a23) Importer(815301076,1909f56bfc062723c751e8b465ee728b)
Start importing Assets/Sprites/Terrain (16x16)_58.asset using Guid(150fce4d05cc81e4889e18a9001e2a23) Importer(815301076,1909f56bfc062723c751e8b465ee728b)  -> (artifact id: 'a292644ee9217311fddf56e2d9da35c7') in 0.013200 seconds 
========================================================================
Received Import Request.
  Time since last request: 0.000036 seconds.
  path: Assets/Sprites/Terrain (16x16)_78.asset
  artifactKey: Guid(07fc3f3aaab39974db2625c74c20fa7b) Importer(815301076,1909f56bfc062723c751e8b465ee728b)
Start importing Assets/Sprites/Terrain (16x16)_78.asset using Guid(07fc3f3aaab39974db2625c74c20fa7b) Importer(815301076,1909f56bfc062723c751e8b465ee728b)  -> (artifact id: '8fb98701e27694d0e0993e1689a094b4') in 0.016692 seconds 
========================================================================
Received Import Request.
  Time since last request: 0.000024 seconds.
  path: Assets/Sprites/Terrain (16x16)_74.asset
  artifactKey: Guid(477474a71a1ee774d90e289f84ef0faf) Importer(815301076,1909f56bfc062723c751e8b465ee728b)
Start importing Assets/Sprites/Terrain (16x16)_74.asset using Guid(477474a71a1ee774d90e289f84ef0faf) Importer(815301076,1909f56bfc062723c751e8b465ee728b)  -> (artifact id: '7f06936d1ede99f3eda5e5228342bb25') in 0.014248 seconds 
========================================================================
Received Import Request.
  Time since last request: 0.000018 seconds.
  path: Assets/Sprites/Terrain (16x16)_81.asset
  artifactKey: Guid(54ed2a6cb53cd3d47999eb48c9e10795) Importer(815301076,1909f56bfc062723c751e8b465ee728b)
Start importing Assets/Sprites/Terrain (16x16)_81.asset using Guid(54ed2a6cb53cd3d47999eb48c9e10795) Importer(815301076,1909f56bfc062723c751e8b465ee728b)  -> (artifact id: '8fa6831daece29a22b8c6494f59e9469') in 0.016503 seconds 
========================================================================
Received Import Request.
  Time since last request: 0.000017 seconds.
  path: Assets/Sprites/Terrain (16x16)_79.asset
  artifactKey: Guid(38beda7ab1d69c647a19b03928b12344) Importer(815301076,1909f56bfc062723c751e8b465ee728b)
Start importing Assets/Sprites/Terrain (16x16)_79.asset using Guid(38beda7ab1d69c647a19b03928b12344) Importer(815301076,1909f56bfc062723c751e8b465ee728b)  -> (artifact id: '081147b60d5d1152e77b598d866f7923') in 0.015966 seconds 
========================================================================
Received Import Request.
  Time since last request: 0.000021 seconds.
  path: Assets/Sprites/Terrain (16x16)_75.asset
  artifactKey: Guid(d9a68fd094052ac4d90c1fdf9db7089d) Importer(815301076,1909f56bfc062723c751e8b465ee728b)
Start importing Assets/Sprites/Terrain (16x16)_75.asset using Guid(d9a68fd094052ac4d90c1fdf9db7089d) Importer(815301076,1909f56bfc062723c751e8b465ee728b)  -> (artifact id: 'd755bd6c84a44999dc7ad98ec222a8b6') in 0.014655 seconds 
========================================================================
Received Import Request.
  Time since last request: 26.855928 seconds.
  path: Assets/Sprites/Terrain (16x16)_86.asset
  artifactKey: Guid(3f705d67e65d11f4d851dcb7604e4f1f) Importer(815301076,1909f56bfc062723c751e8b465ee728b)
Start importing Assets/Sprites/Terrain (16x16)_86.asset using Guid(3f705d67e65d11f4d851dcb7604e4f1f) Importer(815301076,1909f56bfc062723c751e8b465ee728b)  -> (artifact id: '475754fb727c1579d36da874a42cfa4b') in 0.012681 seconds 
========================================================================
Received Import Request.
  Time since last request: 0.000018 seconds.
  path: Assets/Sprites/Terrain (16x16)_96.asset
  artifactKey: Guid(87869a3087b8b0c4e865a6b116c4ea6a) Importer(815301076,1909f56bfc062723c751e8b465ee728b)
Start importing Assets/Sprites/Terrain (16x16)_96.asset using Guid(87869a3087b8b0c4e865a6b116c4ea6a) Importer(815301076,1909f56bfc062723c751e8b465ee728b)  -> (artifact id: 'dd8fba6f4197cea5ba94db5366d637a0') in 0.014652 seconds 
========================================================================
Received Import Request.
  Time since last request: 0.000019 seconds.
  path: Assets/Sprites/Terrain (16x16)_90.asset
  artifactKey: Guid(23d36d81ced8c0c4ea65d2d7332fd34f) Importer(815301076,1909f56bfc062723c751e8b465ee728b)
Start importing Assets/Sprites/Terrain (16x16)_90.asset using Guid(23d36d81ced8c0c4ea65d2d7332fd34f) Importer(815301076,1909f56bfc062723c751e8b465ee728b)  -> (artifact id: 'c79ecdd37830632fb4300b18980b957e') in 0.013750 seconds 
========================================================================
Received Import Request.
  Time since last request: 0.000023 seconds.
  path: Assets/Sprites/Terrain (16x16)_91.asset
  artifactKey: Guid(6e517f165ccd09a4f96c0c29e107273c) Importer(815301076,1909f56bfc062723c751e8b465ee728b)
Start importing Assets/Sprites/Terrain (16x16)_91.asset using Guid(6e517f165ccd09a4f96c0c29e107273c) Importer(815301076,1909f56bfc062723c751e8b465ee728b)  -> (artifact id: '8d01a080612b9c96f551ac2ce896bc8e') in 0.015107 seconds 
========================================================================
Received Import Request.
  Time since last request: 0.000038 seconds.
  path: Assets/Sprites/Terrain (16x16)_97.asset
  artifactKey: Guid(003a91b7253ba4d408df34806d23271c) Importer(815301076,1909f56bfc062723c751e8b465ee728b)
Start importing Assets/Sprites/Terrain (16x16)_97.asset using Guid(003a91b7253ba4d408df34806d23271c) Importer(815301076,1909f56bfc062723c751e8b465ee728b)  -> (artifact id: '6007610325111152028df50ba14953fc') in 0.017081 seconds 
========================================================================
Received Import Request.
  Time since last request: 0.082257 seconds.
  path: Assets/Sprites/Terrain (16x16)_101.asset
  artifactKey: Guid(c775c9396c48d884698568e82ae79a58) Importer(815301076,1909f56bfc062723c751e8b465ee728b)
Start importing Assets/Sprites/Terrain (16x16)_101.asset using Guid(c775c9396c48d884698568e82ae79a58) Importer(815301076,1909f56bfc062723c751e8b465ee728b)  -> (artifact id: '974ca0c697d5669ebfd9aa3d725d62c3') in 0.013721 seconds 
========================================================================
Received Import Request.
  Time since last request: 0.000023 seconds.
  path: Assets/Sprites/Terrain (16x16)_112.asset
  artifactKey: Guid(0d1d903eb3fa1d54f9db1909af999950) Importer(815301076,1909f56bfc062723c751e8b465ee728b)
Start importing Assets/Sprites/Terrain (16x16)_112.asset using Guid(0d1d903eb3fa1d54f9db1909af999950) Importer(815301076,1909f56bfc062723c751e8b465ee728b)  -> (artifact id: '20272845999d1337ad5789a703bf9208') in 0.016116 seconds 
========================================================================
Received Import Request.
  Time since last request: 0.000030 seconds.
  path: Assets/Sprites/Terrain (16x16)_109.asset
  artifactKey: Guid(a0a6a6baa282e1842bc0cfdfd088167b) Importer(815301076,1909f56bfc062723c751e8b465ee728b)
Start importing Assets/Sprites/Terrain (16x16)_109.asset using Guid(a0a6a6baa282e1842bc0cfdfd088167b) Importer(815301076,1909f56bfc062723c751e8b465ee728b)  -> (artifact id: '4b7d36662a8f4fc19d34ebdb56a1f2e4') in 0.015060 seconds 
========================================================================
Received Import Request.
  Time since last request: 0.000020 seconds.
  path: Assets/Sprites/Terrain (16x16)_108.asset
  artifactKey: Guid(b6af9911a3d78ec4985ca4ce3914bb6e) Importer(815301076,1909f56bfc062723c751e8b465ee728b)
Start importing Assets/Sprites/Terrain (16x16)_108.asset using Guid(b6af9911a3d78ec4985ca4ce3914bb6e) Importer(815301076,1909f56bfc062723c751e8b465ee728b)  -> (artifact id: 'fa42d06df68b54e01fdd3dca5e2e6e0a') in 0.017597 seconds 
========================================================================
Received Import Request.
  Time since last request: 0.002995 seconds.
  path: Assets/Sprites/Terrain (16x16)_104.asset
  artifactKey: Guid(c0cacdf2f5e5eb6408c140f4e08d786b) Importer(815301076,1909f56bfc062723c751e8b465ee728b)
Start importing Assets/Sprites/Terrain (16x16)_104.asset using Guid(c0cacdf2f5e5eb6408c140f4e08d786b) Importer(815301076,1909f56bfc062723c751e8b465ee728b)  -> (artifact id: 'f19eb1537a1e23dbaab9e1058349a09d') in 0.020572 seconds 
========================================================================
Received Import Request.
  Time since last request: 0.195618 seconds.
  path: Assets/Sprites/Terrain (16x16)_116.asset
  artifactKey: Guid(ff7f8e74605c99a45b52a2c77734b033) Importer(815301076,1909f56bfc062723c751e8b465ee728b)
Start importing Assets/Sprites/Terrain (16x16)_116.asset using Guid(ff7f8e74605c99a45b52a2c77734b033) Importer(815301076,1909f56bfc062723c751e8b465ee728b)  -> (artifact id: '7f8016a8c098545da0754c511ce50983') in 0.016515 seconds 
========================================================================
Received Import Request.
  Time since last request: 0.000017 seconds.
  path: Assets/Sprites/Terrain (16x16)_125.asset
  artifactKey: Guid(000ad173b193a184bab4bd8177b03b8f) Importer(815301076,1909f56bfc062723c751e8b465ee728b)
Start importing Assets/Sprites/Terrain (16x16)_125.asset using Guid(000ad173b193a184bab4bd8177b03b8f) Importer(815301076,1909f56bfc062723c751e8b465ee728b)  -> (artifact id: '6e99c9dc4d7a4e74ea728516770c8903') in 0.014581 seconds 
========================================================================
Received Import Request.
  Time since last request: 0.000050 seconds.
  path: Assets/Sprites/Terrain (16x16)_126.asset
  artifactKey: Guid(3f35f3b4b092d984980b540a346b6d30) Importer(815301076,1909f56bfc062723c751e8b465ee728b)
Start importing Assets/Sprites/Terrain (16x16)_126.asset using Guid(3f35f3b4b092d984980b540a346b6d30) Importer(815301076,1909f56bfc062723c751e8b465ee728b)  -> (artifact id: '35f8a9a7d16c13dcc8cb239b93984a2b') in 0.016229 seconds 
========================================================================
Received Import Request.
  Time since last request: 0.000029 seconds.
  path: Assets/Sprites/Terrain (16x16)_122.asset
  artifactKey: Guid(a4e9d5f9a6a6f6240bf1af94b3ecbd79) Importer(815301076,1909f56bfc062723c751e8b465ee728b)
Start importing Assets/Sprites/Terrain (16x16)_122.asset using Guid(a4e9d5f9a6a6f6240bf1af94b3ecbd79) Importer(815301076,1909f56bfc062723c751e8b465ee728b)  -> (artifact id: 'bf3dc66371a2e041b308dfff7d73624e') in 0.019542 seconds 
========================================================================
Received Import Request.
  Time since last request: 0.000026 seconds.
  path: Assets/Sprites/Terrain (16x16)_121.asset
  artifactKey: Guid(3c23374a15d87df4ca101b36fb209c64) Importer(815301076,1909f56bfc062723c751e8b465ee728b)
Start importing Assets/Sprites/Terrain (16x16)_121.asset using Guid(3c23374a15d87df4ca101b36fb209c64) Importer(815301076,1909f56bfc062723c751e8b465ee728b)  -> (artifact id: '41b9a4a20091f4b35722b9b23d35806b') in 0.021985 seconds 
========================================================================
Received Import Request.
  Time since last request: 0.000035 seconds.
  path: Assets/Sprites/Terrain (16x16)_118.asset
  artifactKey: Guid(eb348294d0f5f1e4c95555f0a9759f1e) Importer(815301076,1909f56bfc062723c751e8b465ee728b)
Start importing Assets/Sprites/Terrain (16x16)_118.asset using Guid(eb348294d0f5f1e4c95555f0a9759f1e) Importer(815301076,1909f56bfc062723c751e8b465ee728b)  -> (artifact id: 'fbd28443b865f12cbbf8dc29aca519d9') in 0.016700 seconds 
========================================================================
Received Import Request.
  Time since last request: 0.000022 seconds.
  path: Assets/Sprites/Terrain (16x16)_142.asset
  artifactKey: Guid(24fb59a096be688498e31be7e5c88c35) Importer(815301076,1909f56bfc062723c751e8b465ee728b)
Start importing Assets/Sprites/Terrain (16x16)_142.asset using Guid(24fb59a096be688498e31be7e5c88c35) Importer(815301076,1909f56bfc062723c751e8b465ee728b)  -> (artifact id: '4abc16c11a099a7fdbd94cfe595945bc') in 0.017115 seconds 
========================================================================
Received Import Request.
  Time since last request: 0.000035 seconds.
  path: Assets/Sprites/Terrain (16x16)_131.asset
  artifactKey: Guid(f1841fd23dc35ab46b18c8180363db4c) Importer(815301076,1909f56bfc062723c751e8b465ee728b)
Start importing Assets/Sprites/Terrain (16x16)_131.asset using Guid(f1841fd23dc35ab46b18c8180363db4c) Importer(815301076,1909f56bfc062723c751e8b465ee728b)  -> (artifact id: '0bfa27145fd1e67f322e86a912853cd0') in 0.015832 seconds 
========================================================================
Received Import Request.
  Time since last request: 0.000027 seconds.
  path: Assets/Sprites/Terrain (16x16)_139.asset
  artifactKey: Guid(4da7e76e602dc154b8c159a518a2d8ea) Importer(815301076,1909f56bfc062723c751e8b465ee728b)
Start importing Assets/Sprites/Terrain (16x16)_139.asset using Guid(4da7e76e602dc154b8c159a518a2d8ea) Importer(815301076,1909f56bfc062723c751e8b465ee728b)  -> (artifact id: '423bc4de25e023d7a692d3c61b17a6ee') in 0.018244 seconds 
========================================================================
Received Import Request.
  Time since last request: 0.000017 seconds.
  path: Assets/Sprites/Terrain (16x16)_143.asset
  artifactKey: Guid(2b635c00f348d1549a71960fde08ff44) Importer(815301076,1909f56bfc062723c751e8b465ee728b)
Start importing Assets/Sprites/Terrain (16x16)_143.asset using Guid(2b635c00f348d1549a71960fde08ff44) Importer(815301076,1909f56bfc062723c751e8b465ee728b)  -> (artifact id: '7577a77e98f9d250e6efc10d9714c712') in 0.018357 seconds 
========================================================================
Received Prepare
Registering precompiled user dll's ...
Registered in 0.011594 seconds.
Begin MonoManager ReloadAssembly
Symbol file LoadedFromMemory doesn't match image C:\Users\alexc\Desktop\Bomberman_GameJam\Library\PackageCache\com.unity.visualscripting@1.8.0\Editor\VisualScripting.Core\Dependencies\YamlDotNet\Unity.VisualScripting.YamlDotNet.dll
Symbol file LoadedFromMemory doesn't match image C:\Users\alexc\Desktop\Bomberman_GameJam\Library\PackageCache\com.unity.visualscripting@1.8.0\Editor\VisualScripting.Core\Dependencies\DotNetZip\Unity.VisualScripting.IonicZip.dll
Native extension for WindowsStandalone target not found
Native extension for WebGL target not found
Refreshing native plugins compatible for Editor in 1.06 ms, found 4 plugins.
Preloading 0 native plugins for Editor in 0.00 ms.
Mono: successfully reloaded assembly
- Completed reload, in  1.375 seconds
Domain Reload Profiling:
	ReloadAssembly (1376ms)
		BeginReloadAssembly (177ms)
			ExecutionOrderSort (0ms)
			DisableScriptedObjects (8ms)
			BackupInstance (0ms)
			ReleaseScriptingObjects (0ms)
			CreateAndSetChildDomain (39ms)
		EndReloadAssembly (1053ms)
			LoadAssemblies (141ms)
			RebuildTransferFunctionScriptingTraits (0ms)
			SetupTypeCache (347ms)
			ReleaseScriptCaches (2ms)
			RebuildScriptCaches (68ms)
			SetupLoadedEditorAssemblies (441ms)
				LogAssemblyErrors (0ms)
				InitializePlatformSupportModulesInManaged (12ms)
				SetLoadedEditorAssemblies (1ms)
				RefreshPlugins (1ms)
				BeforeProcessingInitializeOnLoad (108ms)
				ProcessInitializeOnLoadAttributes (259ms)
				ProcessInitializeOnLoadMethodAttributes (42ms)
				AfterProcessingInitializeOnLoad (18ms)
				EditorAssembliesLoaded (0ms)
			ExecutionOrderSort2 (0ms)
			AwakeInstancesAfterBackupRestoration (12ms)
Platform modules already initialized, skipping
Refreshing native plugins compatible for Editor in 3.82 ms, found 4 plugins.
Preloading 0 native plugins for Editor in 0.00 ms.
Unloading 3735 Unused Serialized files (Serialized files now loaded: 0)
Unloading 22 unused Assets / (24.6 KB). Loaded Objects now: 4278.
Memory consumption went from 148.0 MB to 148.0 MB.
Total: 3.318900 ms (FindLiveObjects: 0.315300 ms CreateObjectMapping: 0.220400 ms MarkObjects: 2.754500 ms  DeleteObjects: 0.027700 ms)

AssetImportParameters requested are different than current active one (requested -> active):
  custom:video-decoder-ogg-theora: a1e56fd34408186e4bbccfd4996cb3dc -> 
  custom:container-muxer-webm: aa71ff27fc2769a1b78a27578f13a17b -> 
  custom:container-demuxer-webm: 4f35f7cbe854078d1ac9338744f61a02 -> 
  custom:video-encoder-webm-vp8: eb34c28f22e8b96e1ab97ce403110664 -> 
  custom:audio-encoder-webm-vorbis: bf7c407c2cedff20999df2af8eb42d56 -> 
  custom:framework-win-MediaFoundation: 216162199b28c13a410421893ffa2e32 -> 
  custom:container-demuxer-ogg: 62fdf1f143b41e24485cea50d1cbac27 -> 
  custom:video-decoder-webm-vp8: 9c59270c3fd7afecdb556c50c9e8de78 -> 
  custom:audio-decoder-ogg-vorbis: bf7c407c2cedff20999df2af8eb42d56 -> 
Editor requested this worker to shutdown with reason: Scaling down because of idle timeout
AssetImportWorker is now disconnected from the server
Process exiting
Exiting without the bug reporter. Application will terminate with return code 0