Using pre-set license
Built from '2021.3/staging' branch; Version is '2021.3.20f1 (577897200b8b) revision 5732503'; Using compiler version '192829333'; Build Type 'Release'
OS: 'Windows 10  (10.0.19044) 64bit Core' Language: 'pt' Physical Memory: 16204 MB
BatchMode: 1, IsHumanControllingUs: 0, StartBugReporterOnCrash: 0, Is64bit: 1, IsPro: 1

COMMAND LINE ARGUMENTS:
C:\Program Files\Unity\Hub\Editor\2021.3.20f1\Editor\Unity.exe
-adb2
-batchMode
-noUpm
-name
AssetImportWorker2
-projectPath
C:/Users/alexc/Desktop/Bomberman_GameJam
-logFile
Logs/AssetImportWorker2.log
-srvPort
58482
Successfully changed project path to: C:/Users/alexc/Desktop/Bomberman_GameJam
C:/Users/alexc/Desktop/Bomberman_GameJam
[UnityMemory] Configuration Parameters - Can be set up in boot.config
    "memorysetup-bucket-allocator-granularity=16"
    "memorysetup-bucket-allocator-bucket-count=8"
    "memorysetup-bucket-allocator-block-size=33554432"
    "memorysetup-bucket-allocator-block-count=8"
    "memorysetup-main-allocator-block-size=16777216"
    "memorysetup-thread-allocator-block-size=16777216"
    "memorysetup-gfx-main-allocator-block-size=16777216"
    "memorysetup-gfx-thread-allocator-block-size=16777216"
    "memorysetup-cache-allocator-block-size=4194304"
    "memorysetup-typetree-allocator-block-size=2097152"
    "memorysetup-profiler-bucket-allocator-granularity=16"
    "memorysetup-profiler-bucket-allocator-bucket-count=8"
    "memorysetup-profiler-bucket-allocator-block-size=33554432"
    "memorysetup-profiler-bucket-allocator-block-count=8"
    "memorysetup-profiler-allocator-block-size=16777216"
    "memorysetup-profiler-editor-allocator-block-size=1048576"
    "memorysetup-temp-allocator-size-main=16777216"
    "memorysetup-job-temp-allocator-block-size=2097152"
    "memorysetup-job-temp-allocator-block-size-background=1048576"
    "memorysetup-job-temp-allocator-reduction-small-platforms=262144"
    "memorysetup-temp-allocator-size-background-worker=32768"
    "memorysetup-temp-allocator-size-job-worker=262144"
    "memorysetup-temp-allocator-size-preload-manager=33554432"
    "memorysetup-temp-allocator-size-nav-mesh-worker=65536"
    "memorysetup-temp-allocator-size-audio-worker=65536"
    "memorysetup-temp-allocator-size-cloud-worker=32768"
    "memorysetup-temp-allocator-size-gi-baking-worker=262144"
    "memorysetup-temp-allocator-size-gfx=262144"
Player connection [18352] Host "[IP] 192.168.1.239 [Port] 0 [Flags] 2 [Guid] 186790812 [EditorId] 186790812 [Version] 1048832 [Id] WindowsEditor(7,MSI) [Debug] 1 [PackageName] WindowsEditor [ProjectName] Editor" joined multi-casting on [225.0.0.222:54997]...

Player connection [18352] Host "[IP] 192.168.1.239 [Port] 0 [Flags] 2 [Guid] 186790812 [EditorId] 186790812 [Version] 1048832 [Id] WindowsEditor(7,MSI) [Debug] 1 [PackageName] WindowsEditor [ProjectName] Editor" joined alternative multi-casting on [225.0.0.222:34997]...

Refreshing native plugins compatible for Editor in 91.96 ms, found 4 plugins.
Preloading 0 native plugins for Editor in 0.00 ms.
Initialize engine version: 2021.3.20f1 (577897200b8b)
[Subsystems] Discovering subsystems at path C:/Program Files/Unity/Hub/Editor/2021.3.20f1/Editor/Data/Resources/UnitySubsystems
[Subsystems] Discovering subsystems at path C:/Users/alexc/Desktop/Bomberman_GameJam/Assets
GfxDevice: creating device client; threaded=0; jobified=0
Direct3D:
    Version:  Direct3D 11.0 [level 11.1]
    Renderer: NVIDIA GeForce RTX 2060 (ID=0x1f15)
    Vendor:   NVIDIA
    VRAM:     5968 MB
    Driver:   31.0.15.3179
Initialize mono
Mono path[0] = 'C:/Program Files/Unity/Hub/Editor/2021.3.20f1/Editor/Data/Managed'
Mono path[1] = 'C:/Program Files/Unity/Hub/Editor/2021.3.20f1/Editor/Data/MonoBleedingEdge/lib/mono/unityjit-win32'
Mono config path = 'C:/Program Files/Unity/Hub/Editor/2021.3.20f1/Editor/Data/MonoBleedingEdge/etc'
Using monoOptions --debugger-agent=transport=dt_socket,embedding=1,server=y,suspend=n,address=127.0.0.1:56272
Begin MonoManager ReloadAssembly
Registering precompiled unity dll's ...
Register platform support module: C:/Program Files/Unity/Hub/Editor/2021.3.20f1/Editor/Data/PlaybackEngines/WebGLSupport/UnityEditor.WebGL.Extensions.dll
Register platform support module: C:/Program Files/Unity/Hub/Editor/2021.3.20f1/Editor/Data/PlaybackEngines/WindowsStandaloneSupport/UnityEditor.WindowsStandalone.Extensions.dll
Registered in 0.011773 seconds.
Native extension for WindowsStandalone target not found
Native extension for WebGL target not found
Refreshing native plugins compatible for Editor in 90.19 ms, found 4 plugins.
Preloading 0 native plugins for Editor in 0.00 ms.
Mono: successfully reloaded assembly
- Completed reload, in  0.714 seconds
Domain Reload Profiling:
	ReloadAssembly (714ms)
		BeginReloadAssembly (107ms)
			ExecutionOrderSort (0ms)
			DisableScriptedObjects (0ms)
			BackupInstance (0ms)
			ReleaseScriptingObjects (0ms)
			CreateAndSetChildDomain (1ms)
		EndReloadAssembly (490ms)
			LoadAssemblies (104ms)
			RebuildTransferFunctionScriptingTraits (0ms)
			SetupTypeCache (114ms)
			ReleaseScriptCaches (0ms)
			RebuildScriptCaches (27ms)
			SetupLoadedEditorAssemblies (295ms)
				LogAssemblyErrors (0ms)
				InitializePlatformSupportModulesInManaged (11ms)
				SetLoadedEditorAssemblies (0ms)
				RefreshPlugins (90ms)
				BeforeProcessingInitializeOnLoad (1ms)
				ProcessInitializeOnLoadAttributes (143ms)
				ProcessInitializeOnLoadMethodAttributes (48ms)
				AfterProcessingInitializeOnLoad (0ms)
				EditorAssembliesLoaded (0ms)
			ExecutionOrderSort2 (0ms)
			AwakeInstancesAfterBackupRestoration (0ms)
Platform modules already initialized, skipping
Registering precompiled user dll's ...
Registered in 0.011246 seconds.
Begin MonoManager ReloadAssembly
Symbol file LoadedFromMemory doesn't match image C:\Users\alexc\Desktop\Bomberman_GameJam\Library\PackageCache\com.unity.visualscripting@1.8.0\Editor\VisualScripting.Core\Dependencies\YamlDotNet\Unity.VisualScripting.YamlDotNet.dll
Symbol file LoadedFromMemory doesn't match image C:\Users\alexc\Desktop\Bomberman_GameJam\Library\PackageCache\com.unity.visualscripting@1.8.0\Editor\VisualScripting.Core\Dependencies\DotNetZip\Unity.VisualScripting.IonicZip.dll
Native extension for WindowsStandalone target not found
Native extension for WebGL target not found
Refreshing native plugins compatible for Editor in 95.96 ms, found 4 plugins.
Preloading 0 native plugins for Editor in 0.00 ms.
Mono: successfully reloaded assembly
- Completed reload, in  1.207 seconds
Domain Reload Profiling:
	ReloadAssembly (1208ms)
		BeginReloadAssembly (128ms)
			ExecutionOrderSort (0ms)
			DisableScriptedObjects (6ms)
			BackupInstance (0ms)
			ReleaseScriptingObjects (0ms)
			CreateAndSetChildDomain (21ms)
		EndReloadAssembly (956ms)
			LoadAssemblies (106ms)
			RebuildTransferFunctionScriptingTraits (0ms)
			SetupTypeCache (250ms)
			ReleaseScriptCaches (1ms)
			RebuildScriptCaches (64ms)
			SetupLoadedEditorAssemblies (495ms)
				LogAssemblyErrors (0ms)
				InitializePlatformSupportModulesInManaged (7ms)
				SetLoadedEditorAssemblies (0ms)
				RefreshPlugins (96ms)
				BeforeProcessingInitializeOnLoad (109ms)
				ProcessInitializeOnLoadAttributes (235ms)
				ProcessInitializeOnLoadMethodAttributes (36ms)
				AfterProcessingInitializeOnLoad (12ms)
				EditorAssembliesLoaded (0ms)
			ExecutionOrderSort2 (0ms)
			AwakeInstancesAfterBackupRestoration (6ms)
Platform modules already initialized, skipping
========================================================================
Worker process is ready to serve import requests
Launched and connected shader compiler UnityShaderCompiler.exe after 0.04 seconds
Refreshing native plugins compatible for Editor in 0.69 ms, found 4 plugins.
Preloading 0 native plugins for Editor in 0.00 ms.
Unloading 3759 Unused Serialized files (Serialized files now loaded: 0)
Unloading 35 unused Assets / (56.3 KB). Loaded Objects now: 4219.
Memory consumption went from 145.2 MB to 145.1 MB.
Total: 3.315900 ms (FindLiveObjects: 0.345700 ms CreateObjectMapping: 0.341500 ms MarkObjects: 2.542600 ms  DeleteObjects: 0.085000 ms)

AssetImportParameters requested are different than current active one (requested -> active):
  custom:video-decoder-ogg-theora: a1e56fd34408186e4bbccfd4996cb3dc -> 
  custom:container-muxer-webm: aa71ff27fc2769a1b78a27578f13a17b -> 
  custom:container-demuxer-webm: 4f35f7cbe854078d1ac9338744f61a02 -> 
  custom:video-encoder-webm-vp8: eb34c28f22e8b96e1ab97ce403110664 -> 
  custom:audio-encoder-webm-vorbis: bf7c407c2cedff20999df2af8eb42d56 -> 
  custom:framework-win-MediaFoundation: 216162199b28c13a410421893ffa2e32 -> 
  custom:container-demuxer-ogg: 62fdf1f143b41e24485cea50d1cbac27 -> 
  custom:video-decoder-webm-vp8: 9c59270c3fd7afecdb556c50c9e8de78 -> 
  custom:audio-decoder-ogg-vorbis: bf7c407c2cedff20999df2af8eb42d56 -> 
========================================================================
Received Import Request.
  Time since last request: 24941.019674 seconds.
  path: Assets/Pixel Adventure 1/Assets/Terrain/Terrain Sliced (16x16).png
  artifactKey: Guid(fc584d329b77b9545b9c9c8bb829e553) Importer(815301076,1909f56bfc062723c751e8b465ee728b)
Start importing Assets/Pixel Adventure 1/Assets/Terrain/Terrain Sliced (16x16).png using Guid(fc584d329b77b9545b9c9c8bb829e553) Importer(815301076,1909f56bfc062723c751e8b465ee728b)  -> (artifact id: '4a6d17d8a029f612453cbd1a5e7979b8') in 0.347572 seconds 
========================================================================
Received Import Request.
  Time since last request: 13.449829 seconds.
  path: Assets/Pixel Adventure 1/Assets/Terrain/Terrain Sliced (16x16).png
  artifactKey: Guid(fc584d329b77b9545b9c9c8bb829e553) Importer(815301076,1909f56bfc062723c751e8b465ee728b)
Start importing Assets/Pixel Adventure 1/Assets/Terrain/Terrain Sliced (16x16).png using Guid(fc584d329b77b9545b9c9c8bb829e553) Importer(815301076,1909f56bfc062723c751e8b465ee728b)  -> (artifact id: '051edc4afba64420a0fc46989b86c780') in 0.064579 seconds 
========================================================================
Received Import Request.
  Time since last request: 60.862759 seconds.
  path: Assets/Sprites/Block.png
  artifactKey: Guid(5155c773ac8cb1849bccf5fd2d88e32d) Importer(815301076,1909f56bfc062723c751e8b465ee728b)
Start importing Assets/Sprites/Block.png using Guid(5155c773ac8cb1849bccf5fd2d88e32d) Importer(815301076,1909f56bfc062723c751e8b465ee728b)  -> (artifact id: '6daba709a83218b6fb2bfa8bf9beffae') in 0.021766 seconds 
========================================================================
Received Import Request.
  Time since last request: 0.000037 seconds.
  path: Assets/Sprites/ExplosionStart.png
  artifactKey: Guid(a5034c53e7cf6404daa40ce15f22f172) Importer(815301076,1909f56bfc062723c751e8b465ee728b)
Start importing Assets/Sprites/ExplosionStart.png using Guid(a5034c53e7cf6404daa40ce15f22f172) Importer(815301076,1909f56bfc062723c751e8b465ee728b)  -> (artifact id: '048a929ee5833188d32a5e41bf6c346e') in 0.099980 seconds 
========================================================================
Received Import Request.
  Time since last request: 0.000052 seconds.
  path: Assets/Sprites/PlayerBlueWalk.png
  artifactKey: Guid(8bc6c325fafa49e468644c337daa36d5) Importer(815301076,1909f56bfc062723c751e8b465ee728b)
Start importing Assets/Sprites/PlayerBlueWalk.png using Guid(8bc6c325fafa49e468644c337daa36d5) Importer(815301076,1909f56bfc062723c751e8b465ee728b)  -> (artifact id: '3ef7689a2e4ad5809af4643e329f458e') in 0.089505 seconds 
========================================================================
Received Import Request.
  Time since last request: 0.000039 seconds.
  path: Assets/Sprites/PlayerBlackWalk.png
  artifactKey: Guid(0e1250f7ac7e886478f9c051c17fa86c) Importer(815301076,1909f56bfc062723c751e8b465ee728b)
Start importing Assets/Sprites/PlayerBlackWalk.png using Guid(0e1250f7ac7e886478f9c051c17fa86c) Importer(815301076,1909f56bfc062723c751e8b465ee728b)  -> (artifact id: '8979fd84ef43f34ac9fb1cfe51214d58') in 0.088166 seconds 
========================================================================
Received Import Request.
  Time since last request: 0.000029 seconds.
  path: Assets/Sprites/Brick.png
  artifactKey: Guid(c4c1d34afc4ca5e4fae57d90d40b6eed) Importer(815301076,1909f56bfc062723c751e8b465ee728b)
Start importing Assets/Sprites/Brick.png using Guid(c4c1d34afc4ca5e4fae57d90d40b6eed) Importer(815301076,1909f56bfc062723c751e8b465ee728b)  -> (artifact id: '6b4dd7e689433abc7b7bb84a8ab7cc16') in 0.015689 seconds 
========================================================================
Received Import Request.
  Time since last request: 0.000025 seconds.
  path: Assets/Sprites/PlayerBlueDeath.png
  artifactKey: Guid(4046cdbae7703844490b1132e532239a) Importer(815301076,1909f56bfc062723c751e8b465ee728b)
Start importing Assets/Sprites/PlayerBlueDeath.png using Guid(4046cdbae7703844490b1132e532239a) Importer(815301076,1909f56bfc062723c751e8b465ee728b)  -> (artifact id: 'bc1c7c76e28d7efb18146551d739f9d5') in 0.029643 seconds 
========================================================================
Received Import Request.
  Time since last request: 0.000023 seconds.
  path: Assets/Sprites/PlayerBlackDeath.png
  artifactKey: Guid(e55448ec5922f5f4381444e5d17ab627) Importer(815301076,1909f56bfc062723c751e8b465ee728b)
Start importing Assets/Sprites/PlayerBlackDeath.png using Guid(e55448ec5922f5f4381444e5d17ab627) Importer(815301076,1909f56bfc062723c751e8b465ee728b)  -> (artifact id: 'd805d595b608f694a28ea8cd4ec9b8cb') in 0.026893 seconds 
========================================================================
Received Import Request.
  Time since last request: 0.000020 seconds.
  path: Assets/Sprites/PlayerWhiteWalk.png
  artifactKey: Guid(9edf33f8669480b4fa753dc9bbf32431) Importer(815301076,1909f56bfc062723c751e8b465ee728b)
Start importing Assets/Sprites/PlayerWhiteWalk.png using Guid(9edf33f8669480b4fa753dc9bbf32431) Importer(815301076,1909f56bfc062723c751e8b465ee728b)  -> (artifact id: '00d6d2700355fd3841ff80ac555706b4') in 0.049713 seconds 
========================================================================
Received Import Request.
  Time since last request: 0.000037 seconds.
  path: Assets/Sprites/ItemSpeedIncrease.png
  artifactKey: Guid(553ed8b1db6ffb1479d85f9c1d160958) Importer(815301076,1909f56bfc062723c751e8b465ee728b)
Start importing Assets/Sprites/ItemSpeedIncrease.png using Guid(553ed8b1db6ffb1479d85f9c1d160958) Importer(815301076,1909f56bfc062723c751e8b465ee728b)  -> (artifact id: 'ff5ce6426abb587ecbdcb5c14f1fcb27') in 0.021570 seconds 
========================================================================
Received Import Request.
  Time since last request: 9.138067 seconds.
  path: Assets/Scenes/Bomberman 1.unity
  artifactKey: Guid(90a4cf5b78ea9af49990fa9e8277231d) Importer(815301076,1909f56bfc062723c751e8b465ee728b)
Start importing Assets/Scenes/Bomberman 1.unity using Guid(90a4cf5b78ea9af49990fa9e8277231d) Importer(815301076,1909f56bfc062723c751e8b465ee728b)  -> (artifact id: 'dbc56e20d6e7037ac5b5d44ae2092df9') in 0.009023 seconds 
========================================================================
Received Import Request.
  Time since last request: 9.787111 seconds.
  path: Assets/Scenes/Bomberman lvl2.unity
  artifactKey: Guid(90a4cf5b78ea9af49990fa9e8277231d) Importer(815301076,1909f56bfc062723c751e8b465ee728b)
Start importing Assets/Scenes/Bomberman lvl2.unity using Guid(90a4cf5b78ea9af49990fa9e8277231d) Importer(815301076,1909f56bfc062723c751e8b465ee728b)  -> (artifact id: '021c24ce0bf9cd5ada0f4ed5fded176a') in 0.015362 seconds 
========================================================================
Received Import Request.
  Time since last request: 37.695829 seconds.
  path: Assets/Sprites/Terrain Sliced (16x16)_0.asset
  artifactKey: Guid(088b25c66fd945e47ae7faf44f7d1ea0) Importer(815301076,1909f56bfc062723c751e8b465ee728b)
Start importing Assets/Sprites/Terrain Sliced (16x16)_0.asset using Guid(088b25c66fd945e47ae7faf44f7d1ea0) Importer(815301076,1909f56bfc062723c751e8b465ee728b)  -> (artifact id: '2d444c81fd6e91338c4fff36d6672a2e') in 0.021177 seconds 
========================================================================
Received Import Request.
  Time since last request: 0.000022 seconds.
  path: Assets/Sprites/Terrain Sliced (16x16)_10.asset
  artifactKey: Guid(3032ec9963af69f4eb21c5fb5c185355) Importer(815301076,1909f56bfc062723c751e8b465ee728b)
Start importing Assets/Sprites/Terrain Sliced (16x16)_10.asset using Guid(3032ec9963af69f4eb21c5fb5c185355) Importer(815301076,1909f56bfc062723c751e8b465ee728b)  -> (artifact id: '1d2cfaabb4ad84927319b11c4aa7388d') in 0.015374 seconds 
========================================================================
Received Import Request.
  Time since last request: 0.000028 seconds.
  path: Assets/Sprites/Terrain Sliced (16x16)_3.asset
  artifactKey: Guid(bca7ce939aa18ad4d9ead8771c0d635f) Importer(815301076,1909f56bfc062723c751e8b465ee728b)
Start importing Assets/Sprites/Terrain Sliced (16x16)_3.asset using Guid(bca7ce939aa18ad4d9ead8771c0d635f) Importer(815301076,1909f56bfc062723c751e8b465ee728b)  -> (artifact id: '708925b94977916c37db8740b71f46ae') in 0.048258 seconds 
========================================================================
Received Import Request.
  Time since last request: 0.000117 seconds.
  path: Assets/Sprites/Terrain Sliced (16x16)_5.asset
  artifactKey: Guid(42ca995d79f0e38488ec3d9ab6ae0bf5) Importer(815301076,1909f56bfc062723c751e8b465ee728b)
Start importing Assets/Sprites/Terrain Sliced (16x16)_5.asset using Guid(42ca995d79f0e38488ec3d9ab6ae0bf5) Importer(815301076,1909f56bfc062723c751e8b465ee728b)  -> (artifact id: '8968b308bbe23bf70e0cc777f6addd25') in 0.092024 seconds 
========================================================================
Received Import Request.
  Time since last request: 0.000022 seconds.
  path: Assets/Sprites/Terrain Sliced (16x16)_4.asset
  artifactKey: Guid(6934036822316c54694bb443d48c5261) Importer(815301076,1909f56bfc062723c751e8b465ee728b)
Start importing Assets/Sprites/Terrain Sliced (16x16)_4.asset using Guid(6934036822316c54694bb443d48c5261) Importer(815301076,1909f56bfc062723c751e8b465ee728b)  -> (artifact id: '82798e927ecfbd5d687ed760f412d14c') in 0.020200 seconds 
Editor requested this worker to shutdown with reason: Scaling down because of idle timeout
AssetImportWorker is now disconnected from the server
Process exiting
Exiting without the bug reporter. Application will terminate with return code 0